2025-12-27 13:58:50.632 | INFO  | c.u.m.MsConsejo.MsConsejoApplication:54 |   | Starting MsConsejoApplication using Java 25.0.1 with PID 18484 (C:\Users\ricar\OneDrive\Desktop\TallerDeDesarrollo-ProyectoFinal\TDUNU2025\MsConsejo\target\classes started by ricar in C:\Users\ricar\OneDrive\Desktop\TallerDeDesarrollo-ProyectoFinal\TDUNU2025\MsConsejo)
2025-12-27 13:58:50.636 | INFO  | c.u.m.MsConsejo.MsConsejoApplication:661 |   | No active profile set, falling back to 1 default profile: "default"
2025-12-27 13:58:50.863 | INFO  | o.h.validator.internal.util.Version:18 |   | HV000001: Hibernate Validator 9.0.1.Final
2025-12-27 13:58:51.212 | INFO  | o.s.d.r.c.RepositoryConfigurationDelegate:145 |   | Bootstrapping Spring Data JPA repositories in DEFAULT mode.
2025-12-27 13:58:51.262 | INFO  | o.s.d.r.c.RepositoryConfigurationDelegate:213 |   | Finished Spring Data repository scanning in 43 ms. Found 4 JPA repository interfaces.
2025-12-27 13:58:51.640 | INFO  | o.s.boot.tomcat.TomcatWebServer:114 |   | Tomcat initialized with port 81 (http)
2025-12-27 13:58:51.650 | INFO  | o.a.coyote.http11.Http11NioProtocol:168 |   | Initializing ProtocolHandler ["http-nio-81"]
2025-12-27 13:58:51.652 | INFO  | o.a.catalina.core.StandardService:168 |   | Starting service [Tomcat]
2025-12-27 13:58:51.652 | INFO  | o.a.catalina.core.StandardEngine:168 |   | Starting Servlet engine: [Apache Tomcat/11.0.14]
2025-12-27 13:58:51.703 | INFO  | o.s.b.w.c.s.WebApplicationContextInitializer:77 |   | Root WebApplicationContext: initialization completed in 1034 ms
2025-12-27 13:58:51.821 | INFO  | o.h.jpa.internal.util.LogHelper:30 |   | HHH000204: Processing PersistenceUnitInfo [name: default]
2025-12-27 13:58:51.856 | INFO  | org.hibernate.Version:45 |   | HHH000412: Hibernate ORM core version 7.1.8.Final
2025-12-27 13:58:52.107 | INFO  | o.s.o.j.p.SpringPersistenceUnitInfo:128 |   | No LoadTimeWeaver setup: ignoring JPA class transformer
2025-12-27 13:58:52.134 | INFO  | com.zaxxer.hikari.HikariDataSource:109 |   | HikariPool-1 - Starting...
2025-12-27 13:58:53.203 | WARN  | org.hibernate.orm.jdbc.error:143 |   | HHH000247: ErrorCode: 0, SQLState: 08S01
2025-12-27 13:58:53.203 | WARN  | org.hibernate.orm.jdbc.error:144 |   | Communications link failure

The last packet sent successfully to the server was 0 milliseconds ago. The driver has not received any packets from the server.
2025-12-27 13:58:53.204 | WARN  | o.h.e.j.e.i.JdbcEnvironmentInitiator:425 |   | HHH000342: Could not obtain connection to query JDBC database metadata
org.hibernate.exception.JDBCConnectionException: Unable to obtain isolated JDBC connection [Communications link failure

The last packet sent successfully to the server was 0 milliseconds ago. The driver has not received any packets from the server.] [n/a]
	at org.hibernate.exception.internal.SQLStateConversionDelegate.convert(SQLStateConversionDelegate.java:80)
	at org.hibernate.exception.internal.StandardSQLExceptionConverter.convert(StandardSQLExceptionConverter.java:34)
	at org.hibernate.engine.jdbc.spi.SqlExceptionHelper.convert(SqlExceptionHelper.java:115)
	at org.hibernate.engine.jdbc.spi.SqlExceptionHelper.convert(SqlExceptionHelper.java:101)
	at org.hibernate.resource.transaction.backend.jdbc.internal.JdbcIsolationDelegate.delegateWork(JdbcIsolationDelegate.java:51)
	at org.hibernate.engine.jdbc.env.internal.JdbcEnvironmentInitiator.getJdbcEnvironmentUsingJdbcMetadata(JdbcEnvironmentInitiator.java:355)
	at org.hibernate.engine.jdbc.env.internal.JdbcEnvironmentInitiator.getJdbcEnvironment(JdbcEnvironmentInitiator.java:149)
	at org.hibernate.engine.jdbc.env.internal.JdbcEnvironmentInitiator.initiateService(JdbcEnvironmentInitiator.java:127)
	at org.hibernate.engine.jdbc.env.internal.JdbcEnvironmentInitiator.initiateService(JdbcEnvironmentInitiator.java:82)
	at org.hibernate.boot.registry.internal.StandardServiceRegistryImpl.initiateService(StandardServiceRegistryImpl.java:133)
	at org.hibernate.service.internal.AbstractServiceRegistryImpl.createService(AbstractServiceRegistryImpl.java:262)
	at org.hibernate.service.internal.AbstractServiceRegistryImpl.initializeService(AbstractServiceRegistryImpl.java:237)
	at org.hibernate.service.internal.AbstractServiceRegistryImpl.getService(AbstractServiceRegistryImpl.java:214)
	at org.hibernate.boot.model.relational.Database.<init>(Database.java:44)
	at org.hibernate.boot.internal.InFlightMetadataCollectorImpl.getDatabase(InFlightMetadataCollectorImpl.java:255)
	at org.hibernate.boot.internal.InFlightMetadataCollectorImpl.<init>(InFlightMetadataCollectorImpl.java:207)
	at org.hibernate.boot.model.process.spi.MetadataBuildingProcess.complete(MetadataBuildingProcess.java:185)
	at org.hibernate.jpa.boot.internal.EntityManagerFactoryBuilderImpl.metadata(EntityManagerFactoryBuilderImpl.java:1395)
	at org.hibernate.jpa.boot.internal.EntityManagerFactoryBuilderImpl.populateSessionFactoryBuilder(EntityManagerFactoryBuilderImpl.java:1475)
	at org.hibernate.jpa.boot.internal.EntityManagerFactoryBuilderImpl.build(EntityManagerFactoryBuilderImpl.java:1457)
	at org.springframework.orm.jpa.vendor.SpringHibernateJpaPersistenceProvider.createContainerEntityManagerFactory(SpringHibernateJpaPersistenceProvider.java:66)
	at org.springframework.orm.jpa.LocalContainerEntityManagerFactoryBean.createNativeEntityManagerFactory(LocalContainerEntityManagerFactoryBean.java:433)
	at org.springframework.orm.jpa.AbstractEntityManagerFactoryBean.buildNativeEntityManagerFactory(AbstractEntityManagerFactoryBean.java:416)
	at org.springframework.orm.jpa.AbstractEntityManagerFactoryBean.afterPropertiesSet(AbstractEntityManagerFactoryBean.java:396)
	at org.springframework.orm.jpa.LocalContainerEntityManagerFactoryBean.afterPropertiesSet(LocalContainerEntityManagerFactoryBean.java:409)
	at org.springframework.beans.factory.support.AbstractAutowireCapableBeanFactory.invokeInitMethods(AbstractAutowireCapableBeanFactory.java:1864)
	at org.springframework.beans.factory.support.AbstractAutowireCapableBeanFactory.initializeBean(AbstractAutowireCapableBeanFactory.java:1813)
	at org.springframework.beans.factory.support.AbstractAutowireCapableBeanFactory.doCreateBean(AbstractAutowireCapableBeanFactory.java:603)
	at org.springframework.beans.factory.support.AbstractAutowireCapableBeanFactory.createBean(AbstractAutowireCapableBeanFactory.java:525)
	at org.springframework.beans.factory.support.AbstractBeanFactory.lambda$doGetBean$0(AbstractBeanFactory.java:333)
	at org.springframework.beans.factory.support.DefaultSingletonBeanRegistry.getSingleton(DefaultSingletonBeanRegistry.java:371)
	at org.springframework.beans.factory.support.AbstractBeanFactory.doGetBean(AbstractBeanFactory.java:331)
	at org.springframework.beans.factory.support.AbstractBeanFactory.getBean(AbstractBeanFactory.java:201)
	at org.springframework.context.support.AbstractApplicationContext.finishBeanFactoryInitialization(AbstractApplicationContext.java:966)
	at org.springframework.context.support.AbstractApplicationContext.refresh(AbstractApplicationContext.java:620)
	at org.springframework.boot.web.server.servlet.context.ServletWebServerApplicationContext.refresh(ServletWebServerApplicationContext.java:143)
	at org.springframework.boot.SpringApplication.refresh(SpringApplication.java:765)
	at org.springframework.boot.SpringApplication.refreshContext(SpringApplication.java:454)
	at org.springframework.boot.SpringApplication.run(SpringApplication.java:321)
	at org.springframework.boot.SpringApplication.run(SpringApplication.java:1374)
	at org.springframework.boot.SpringApplication.run(SpringApplication.java:1363)
	at com.unu.ms.MsConsejo.MsConsejoApplication.main(MsConsejoApplication.java:10)
Caused by: com.mysql.cj.jdbc.exceptions.CommunicationsException: Communications link failure

The last packet sent successfully to the server was 0 milliseconds ago. The driver has not received any packets from the server.
	at com.mysql.cj.jdbc.exceptions.SQLError.createCommunicationsException(SQLError.java:165)
	at com.mysql.cj.jdbc.exceptions.SQLExceptionsMapping.translateException(SQLExceptionsMapping.java:55)
	at com.mysql.cj.jdbc.ConnectionImpl.createNewIO(ConnectionImpl.java:840)
	at com.mysql.cj.jdbc.ConnectionImpl.<init>(ConnectionImpl.java:416)
	at com.mysql.cj.jdbc.ConnectionImpl.getInstance(ConnectionImpl.java:237)
	at com.mysql.cj.jdbc.NonRegisteringDriver.connect(NonRegisteringDriver.java:180)
	at com.zaxxer.hikari.util.DriverDataSource.getConnection(DriverDataSource.java:144)
	at com.zaxxer.hikari.pool.PoolBase.newConnection(PoolBase.java:373)
	at com.zaxxer.hikari.pool.PoolBase.newPoolEntry(PoolBase.java:210)
	at com.zaxxer.hikari.pool.HikariPool.createPoolEntry(HikariPool.java:488)
	at com.zaxxer.hikari.pool.HikariPool.checkFailFast(HikariPool.java:576)
	at com.zaxxer.hikari.pool.HikariPool.<init>(HikariPool.java:97)
	at com.zaxxer.hikari.HikariDataSource.getConnection(HikariDataSource.java:111)
	at org.hibernate.engine.jdbc.connections.internal.DatasourceConnectionProviderImpl.getConnection(DatasourceConnectionProviderImpl.java:138)
	at org.hibernate.engine.jdbc.env.internal.JdbcEnvironmentInitiator$ConnectionProviderJdbcConnectionAccess.obtainConnection(JdbcEnvironmentInitiator.java:499)
	at org.hibernate.resource.transaction.backend.jdbc.internal.JdbcIsolationDelegate.delegateWork(JdbcIsolationDelegate.java:48)
	... 37 common frames omitted
Caused by: com.mysql.cj.exceptions.CJCommunicationsException: Communications link failure

The last packet sent successfully to the server was 0 milliseconds ago. The driver has not received any packets from the server.
	at java.base/jdk.internal.reflect.DirectConstructorHandleAccessor.newInstance(DirectConstructorHandleAccessor.java:62)
	at java.base/java.lang.reflect.Constructor.newInstanceWithCaller(Constructor.java:499)
	at java.base/java.lang.reflect.Constructor.newInstance(Constructor.java:483)
	at com.mysql.cj.exceptions.ExceptionFactory.createException(ExceptionFactory.java:52)
	at com.mysql.cj.exceptions.ExceptionFactory.createException(ExceptionFactory.java:95)
	at com.mysql.cj.exceptions.ExceptionFactory.createException(ExceptionFactory.java:140)
	at com.mysql.cj.exceptions.ExceptionFactory.createCommunicationsException(ExceptionFactory.java:156)
	at com.mysql.cj.protocol.a.NativeSocketConnection.connect(NativeSocketConnection.java:79)
	at com.mysql.cj.NativeSession.connect(NativeSession.java:142)
	at com.mysql.cj.jdbc.ConnectionImpl.connectOneTryOnly(ConnectionImpl.java:964)
	at com.mysql.cj.jdbc.ConnectionImpl.createNewIO(ConnectionImpl.java:828)
	... 50 common frames omitted
Caused by: java.net.ConnectException: Connection refused: getsockopt
	at java.base/sun.nio.ch.Net.pollConnect(Native Method)
	at java.base/sun.nio.ch.Net.pollConnectNow(Net.java:639)
	at java.base/sun.nio.ch.NioSocketImpl.timedFinishConnect(NioSocketImpl.java:543)
	at java.base/sun.nio.ch.NioSocketImpl.connect(NioSocketImpl.java:594)
	at java.base/java.net.SocksSocketImpl.connect(SocksSocketImpl.java:284)
	at java.base/java.net.Socket.connect(Socket.java:659)
	at com.mysql.cj.protocol.StandardSocketFactory.connect(StandardSocketFactory.java:144)
	at com.mysql.cj.protocol.a.NativeSocketConnection.connect(NativeSocketConnection.java:53)
	... 53 common frames omitted
2025-12-27 13:58:53.216 | WARN  | org.hibernate.orm.deprecation:152 |   | HHH90000025: MySQLDialect does not need to be specified explicitly using 'hibernate.dialect' (remove the property setting and it will be selected by default)
2025-12-27 13:58:53.223 | INFO  | o.hibernate.orm.connections.pooling:184 |   | HHH10001005: Database info:
	Database JDBC URL [undefined/unknown]
	Database driver: undefined/unknown
	Database dialect: MySQLDialect
	Database version: 8.0
	Default catalog/schema: unknown/unknown
	Autocommit mode: undefined/unknown
	Isolation level: NONE [default NONE]
	JDBC fetch size: undefined/unknown
	Pool: DatasourceConnectionProviderImpl
	Minimum pool size: undefined/unknown
	Maximum pool size: undefined/unknown
2025-12-27 13:58:53.781 | INFO  | o.h.e.t.j.p.i.JtaPlatformInitiator:56 |   | HHH000489: No JTA platform available (set 'hibernate.transaction.jta.platform' to enable JTA platform integration)
2025-12-27 13:58:53.799 | INFO  | com.zaxxer.hikari.HikariDataSource:109 |   | HikariPool-1 - Starting...
2025-12-27 13:58:54.813 | WARN  | org.hibernate.orm.jdbc.error:143 |   | HHH000247: ErrorCode: 0, SQLState: 08S01
2025-12-27 13:58:54.814 | WARN  | org.hibernate.orm.jdbc.error:144 |   | Communications link failure

The last packet sent successfully to the server was 0 milliseconds ago. The driver has not received any packets from the server.
2025-12-27 13:58:54.817 | ERROR | o.s.o.j.LocalContainerEntityManagerFactoryBean:433 |   | Failed to initialize JPA EntityManagerFactory: Unable to build Hibernate SessionFactory  [persistence unit: default] ; nested exception is org.hibernate.exception.JDBCConnectionException: Unable to open JDBC Connection for DDL execution [Communications link failure

The last packet sent successfully to the server was 0 milliseconds ago. The driver has not received any packets from the server.] [n/a]
2025-12-27 13:58:54.819 | WARN  | o.s.b.w.s.s.c.AnnotationConfigServletWebServerApplicationContext:628 |   | Exception encountered during context initialization - cancelling refresh attempt: org.springframework.beans.factory.BeanCreationException: Error creating bean with name 'entityManagerFactory' defined in class path resource [org/springframework/boot/hibernate/autoconfigure/HibernateJpaConfiguration.class]: Unable to build Hibernate SessionFactory  [persistence unit: default] ; nested exception is org.hibernate.exception.JDBCConnectionException: Unable to open JDBC Connection for DDL execution [Communications link failure

The last packet sent successfully to the server was 0 milliseconds ago. The driver has not received any packets from the server.] [n/a]
2025-12-27 13:58:54.822 | INFO  | o.a.catalina.core.StandardService:168 |   | Stopping service [Tomcat]
2025-12-27 13:58:54.827 | INFO  | o.s.b.a.l.ConditionEvaluationReportLogger:82 |   | 

Error starting ApplicationContext. To display the condition evaluation report re-run your application with 'debug' enabled.
2025-12-27 13:58:54.836 | ERROR | o.s.boot.SpringApplication:872 |   | Application run failed
org.springframework.beans.factory.BeanCreationException: Error creating bean with name 'entityManagerFactory' defined in class path resource [org/springframework/boot/hibernate/autoconfigure/HibernateJpaConfiguration.class]: Unable to build Hibernate SessionFactory  [persistence unit: default] ; nested exception is org.hibernate.exception.JDBCConnectionException: Unable to open JDBC Connection for DDL execution [Communications link failure

The last packet sent successfully to the server was 0 milliseconds ago. The driver has not received any packets from the server.] [n/a]
	at org.springframework.beans.factory.support.AbstractAutowireCapableBeanFactory.initializeBean(AbstractAutowireCapableBeanFactory.java:1817)
	at org.springframework.beans.factory.support.AbstractAutowireCapableBeanFactory.doCreateBean(AbstractAutowireCapableBeanFactory.java:603)
	at org.springframework.beans.factory.support.AbstractAutowireCapableBeanFactory.createBean(AbstractAutowireCapableBeanFactory.java:525)
	at org.springframework.beans.factory.support.AbstractBeanFactory.lambda$doGetBean$0(AbstractBeanFactory.java:333)
	at org.springframework.beans.factory.support.DefaultSingletonBeanRegistry.getSingleton(DefaultSingletonBeanRegistry.java:371)
	at org.springframework.beans.factory.support.AbstractBeanFactory.doGetBean(AbstractBeanFactory.java:331)
	at org.springframework.beans.factory.support.AbstractBeanFactory.getBean(AbstractBeanFactory.java:201)
	at org.springframework.context.support.AbstractApplicationContext.finishBeanFactoryInitialization(AbstractApplicationContext.java:966)
	at org.springframework.context.support.AbstractApplicationContext.refresh(AbstractApplicationContext.java:620)
	at org.springframework.boot.web.server.servlet.context.ServletWebServerApplicationContext.refresh(ServletWebServerApplicationContext.java:143)
	at org.springframework.boot.SpringApplication.refresh(SpringApplication.java:765)
	at org.springframework.boot.SpringApplication.refreshContext(SpringApplication.java:454)
	at org.springframework.boot.SpringApplication.run(SpringApplication.java:321)
	at org.springframework.boot.SpringApplication.run(SpringApplication.java:1374)
	at org.springframework.boot.SpringApplication.run(SpringApplication.java:1363)
	at com.unu.ms.MsConsejo.MsConsejoApplication.main(MsConsejoApplication.java:10)
Caused by: jakarta.persistence.PersistenceException: Unable to build Hibernate SessionFactory  [persistence unit: default] ; nested exception is org.hibernate.exception.JDBCConnectionException: Unable to open JDBC Connection for DDL execution [Communications link failure

The last packet sent successfully to the server was 0 milliseconds ago. The driver has not received any packets from the server.] [n/a]
	at org.springframework.orm.jpa.AbstractEntityManagerFactoryBean.buildNativeEntityManagerFactory(AbstractEntityManagerFactoryBean.java:428)
	at org.springframework.orm.jpa.AbstractEntityManagerFactoryBean.afterPropertiesSet(AbstractEntityManagerFactoryBean.java:396)
	at org.springframework.orm.jpa.LocalContainerEntityManagerFactoryBean.afterPropertiesSet(LocalContainerEntityManagerFactoryBean.java:409)
	at org.springframework.beans.factory.support.AbstractAutowireCapableBeanFactory.invokeInitMethods(AbstractAutowireCapableBeanFactory.java:1864)
	at org.springframework.beans.factory.support.AbstractAutowireCapableBeanFactory.initializeBean(AbstractAutowireCapableBeanFactory.java:1813)
	... 15 common frames omitted
Caused by: org.hibernate.exception.JDBCConnectionException: Unable to open JDBC Connection for DDL execution [Communications link failure

The last packet sent successfully to the server was 0 milliseconds ago. The driver has not received any packets from the server.] [n/a]
	at org.hibernate.exception.internal.SQLStateConversionDelegate.convert(SQLStateConversionDelegate.java:80)
	at org.hibernate.exception.internal.StandardSQLExceptionConverter.convert(StandardSQLExceptionConverter.java:34)
	at org.hibernate.engine.jdbc.spi.SqlExceptionHelper.convert(SqlExceptionHelper.java:115)
	at org.hibernate.engine.jdbc.spi.SqlExceptionHelper.convert(SqlExceptionHelper.java:101)
	at org.hibernate.resource.transaction.backend.jdbc.internal.DdlTransactionIsolatorNonJtaImpl.getIsolatedConnection(DdlTransactionIsolatorNonJtaImpl.java:72)
	at org.hibernate.resource.transaction.backend.jdbc.internal.DdlTransactionIsolatorNonJtaImpl.getIsolatedConnection(DdlTransactionIsolatorNonJtaImpl.java:37)
	at org.hibernate.tool.schema.internal.exec.ImprovedExtractionContextImpl.getJdbcConnection(ImprovedExtractionContextImpl.java:61)
	at org.hibernate.tool.schema.internal.exec.ImprovedExtractionContextImpl.getJdbcDatabaseMetaData(ImprovedExtractionContextImpl.java:68)
	at org.hibernate.tool.schema.extract.internal.InformationExtractorJdbcDatabaseMetaDataImpl.getJdbcDatabaseMetaData(InformationExtractorJdbcDatabaseMetaDataImpl.java:34)
	at org.hibernate.tool.schema.extract.internal.InformationExtractorJdbcDatabaseMetaDataImpl.processTableResultSet(InformationExtractorJdbcDatabaseMetaDataImpl.java:72)
	at org.hibernate.tool.schema.extract.internal.AbstractInformationExtractorImpl.getTables(AbstractInformationExtractorImpl.java:535)
	at org.hibernate.tool.schema.extract.internal.DatabaseInformationImpl.getTablesInformation(DatabaseInformationImpl.java:120)
	at org.hibernate.tool.schema.internal.GroupedSchemaMigratorImpl.performTablesMigration(GroupedSchemaMigratorImpl.java:70)
	at org.hibernate.tool.schema.internal.AbstractSchemaMigrator.performMigration(AbstractSchemaMigrator.java:230)
	at org.hibernate.tool.schema.internal.AbstractSchemaMigrator.doMigration(AbstractSchemaMigrator.java:109)
	at org.hibernate.tool.schema.spi.SchemaManagementToolCoordinator.performDatabaseAction(SchemaManagementToolCoordinator.java:267)
	at org.hibernate.tool.schema.spi.SchemaManagementToolCoordinator.lambda$process$5(SchemaManagementToolCoordinator.java:142)
	at java.base/java.util.HashMap.forEach(HashMap.java:1430)
	at org.hibernate.tool.schema.spi.SchemaManagementToolCoordinator.process(SchemaManagementToolCoordinator.java:139)
	at org.hibernate.boot.internal.SessionFactoryObserverForSchemaExport.sessionFactoryCreated(SessionFactoryObserverForSchemaExport.java:35)
	at org.hibernate.internal.SessionFactoryObserverChain.sessionFactoryCreated(SessionFactoryObserverChain.java:33)
	at org.hibernate.internal.SessionFactoryImpl.<init>(SessionFactoryImpl.java:350)
	at org.hibernate.boot.internal.SessionFactoryBuilderImpl.build(SessionFactoryBuilderImpl.java:436)
	at org.hibernate.jpa.boot.internal.EntityManagerFactoryBuilderImpl.build(EntityManagerFactoryBuilderImpl.java:1459)
	at org.springframework.orm.jpa.vendor.SpringHibernateJpaPersistenceProvider.createContainerEntityManagerFactory(SpringHibernateJpaPersistenceProvider.java:66)
	at org.springframework.orm.jpa.LocalContainerEntityManagerFactoryBean.createNativeEntityManagerFactory(LocalContainerEntityManagerFactoryBean.java:433)
	at org.springframework.orm.jpa.AbstractEntityManagerFactoryBean.buildNativeEntityManagerFactory(AbstractEntityManagerFactoryBean.java:416)
	... 19 common frames omitted
Caused by: com.mysql.cj.jdbc.exceptions.CommunicationsException: Communications link failure

The last packet sent successfully to the server was 0 milliseconds ago. The driver has not received any packets from the server.
	at com.mysql.cj.jdbc.exceptions.SQLError.createCommunicationsException(SQLError.java:165)
	at com.mysql.cj.jdbc.exceptions.SQLExceptionsMapping.translateException(SQLExceptionsMapping.java:55)
	at com.mysql.cj.jdbc.ConnectionImpl.createNewIO(ConnectionImpl.java:840)
	at com.mysql.cj.jdbc.ConnectionImpl.<init>(ConnectionImpl.java:416)
	at com.mysql.cj.jdbc.ConnectionImpl.getInstance(ConnectionImpl.java:237)
	at com.mysql.cj.jdbc.NonRegisteringDriver.connect(NonRegisteringDriver.java:180)
	at com.zaxxer.hikari.util.DriverDataSource.getConnection(DriverDataSource.java:144)
	at com.zaxxer.hikari.pool.PoolBase.newConnection(PoolBase.java:373)
	at com.zaxxer.hikari.pool.PoolBase.newPoolEntry(PoolBase.java:210)
	at com.zaxxer.hikari.pool.HikariPool.createPoolEntry(HikariPool.java:488)
	at com.zaxxer.hikari.pool.HikariPool.checkFailFast(HikariPool.java:576)
	at com.zaxxer.hikari.pool.HikariPool.<init>(HikariPool.java:97)
	at com.zaxxer.hikari.HikariDataSource.getConnection(HikariDataSource.java:111)
	at org.hibernate.engine.jdbc.connections.internal.DatasourceConnectionProviderImpl.getConnection(DatasourceConnectionProviderImpl.java:138)
	at org.hibernate.engine.jdbc.env.internal.JdbcEnvironmentInitiator$ConnectionProviderJdbcConnectionAccess.obtainConnection(JdbcEnvironmentInitiator.java:499)
	at org.hibernate.resource.transaction.backend.jdbc.internal.DdlTransactionIsolatorNonJtaImpl.getIsolatedConnection(DdlTransactionIsolatorNonJtaImpl.java:44)
	... 41 common frames omitted
Caused by: com.mysql.cj.exceptions.CJCommunicationsException: Communications link failure

The last packet sent successfully to the server was 0 milliseconds ago. The driver has not received any packets from the server.
	at java.base/jdk.internal.reflect.DirectConstructorHandleAccessor.newInstance(DirectConstructorHandleAccessor.java:62)
	at java.base/java.lang.reflect.Constructor.newInstanceWithCaller(Constructor.java:499)
	at java.base/java.lang.reflect.Constructor.newInstance(Constructor.java:483)
	at com.mysql.cj.exceptions.ExceptionFactory.createException(ExceptionFactory.java:52)
	at com.mysql.cj.exceptions.ExceptionFactory.createException(ExceptionFactory.java:95)
	at com.mysql.cj.exceptions.ExceptionFactory.createException(ExceptionFactory.java:140)
	at com.mysql.cj.exceptions.ExceptionFactory.createCommunicationsException(ExceptionFactory.java:156)
	at com.mysql.cj.protocol.a.NativeSocketConnection.connect(NativeSocketConnection.java:79)
	at com.mysql.cj.NativeSession.connect(NativeSession.java:142)
	at com.mysql.cj.jdbc.ConnectionImpl.connectOneTryOnly(ConnectionImpl.java:964)
	at com.mysql.cj.jdbc.ConnectionImpl.createNewIO(ConnectionImpl.java:828)
	... 54 common frames omitted
Caused by: java.net.ConnectException: Connection refused: getsockopt
	at java.base/sun.nio.ch.Net.pollConnect(Native Method)
	at java.base/sun.nio.ch.Net.pollConnectNow(Net.java:639)
	at java.base/sun.nio.ch.NioSocketImpl.timedFinishConnect(NioSocketImpl.java:543)
	at java.base/sun.nio.ch.NioSocketImpl.connect(NioSocketImpl.java:594)
	at java.base/java.net.SocksSocketImpl.connect(SocksSocketImpl.java:284)
	at java.base/java.net.Socket.connect(Socket.java:659)
	at com.mysql.cj.protocol.StandardSocketFactory.connect(StandardSocketFactory.java:144)
	at com.mysql.cj.protocol.a.NativeSocketConnection.connect(NativeSocketConnection.java:53)
	... 57 common frames omitted
2025-12-27 14:01:41.388 | INFO  | c.u.m.MsConsejo.MsConsejoApplication:54 |   | Starting MsConsejoApplication using Java 25.0.1 with PID 19132 (C:\Users\ricar\OneDrive\Desktop\TallerDeDesarrollo-ProyectoFinal\TDUNU2025\MsConsejo\target\classes started by ricar in C:\Users\ricar\OneDrive\Desktop\TallerDeDesarrollo-ProyectoFinal\TDUNU2025\MsConsejo)
2025-12-27 14:01:41.391 | INFO  | c.u.m.MsConsejo.MsConsejoApplication:661 |   | No active profile set, falling back to 1 default profile: "default"
2025-12-27 14:01:41.651 | INFO  | o.h.validator.internal.util.Version:18 |   | HV000001: Hibernate Validator 9.0.1.Final
2025-12-27 14:01:42.137 | INFO  | o.s.d.r.c.RepositoryConfigurationDelegate:145 |   | Bootstrapping Spring Data JPA repositories in DEFAULT mode.
2025-12-27 14:01:42.200 | INFO  | o.s.d.r.c.RepositoryConfigurationDelegate:213 |   | Finished Spring Data repository scanning in 54 ms. Found 4 JPA repository interfaces.
2025-12-27 14:01:42.667 | INFO  | o.s.boot.tomcat.TomcatWebServer:114 |   | Tomcat initialized with port 81 (http)
2025-12-27 14:01:42.680 | INFO  | o.a.coyote.http11.Http11NioProtocol:168 |   | Initializing ProtocolHandler ["http-nio-81"]
2025-12-27 14:01:42.682 | INFO  | o.a.catalina.core.StandardService:168 |   | Starting service [Tomcat]
2025-12-27 14:01:42.682 | INFO  | o.a.catalina.core.StandardEngine:168 |   | Starting Servlet engine: [Apache Tomcat/11.0.14]
2025-12-27 14:01:42.748 | INFO  | o.s.b.w.c.s.WebApplicationContextInitializer:77 |   | Root WebApplicationContext: initialization completed in 1318 ms
2025-12-27 14:01:42.910 | INFO  | o.h.jpa.internal.util.LogHelper:30 |   | HHH000204: Processing PersistenceUnitInfo [name: default]
2025-12-27 14:01:42.963 | INFO  | org.hibernate.Version:45 |   | HHH000412: Hibernate ORM core version 7.1.8.Final
2025-12-27 14:01:43.293 | INFO  | o.s.o.j.p.SpringPersistenceUnitInfo:128 |   | No LoadTimeWeaver setup: ignoring JPA class transformer
2025-12-27 14:01:43.318 | INFO  | com.zaxxer.hikari.HikariDataSource:109 |   | HikariPool-1 - Starting...
2025-12-27 14:01:43.676 | INFO  | com.zaxxer.hikari.pool.HikariPool:580 |   | HikariPool-1 - Added connection com.mysql.cj.jdbc.ConnectionImpl@6c8672b9
2025-12-27 14:01:43.678 | INFO  | com.zaxxer.hikari.HikariDataSource:122 |   | HikariPool-1 - Start completed.
2025-12-27 14:01:43.728 | WARN  | org.hibernate.orm.deprecation:152 |   | HHH90000025: MySQLDialect does not need to be specified explicitly using 'hibernate.dialect' (remove the property setting and it will be selected by default)
2025-12-27 14:01:43.740 | INFO  | o.hibernate.orm.connections.pooling:184 |   | HHH10001005: Database info:
	Database JDBC URL [jdbc:mysql://localhost:3309/bd_consejo]
	Database driver: MySQL Connector/J
	Database dialect: MySQLDialect
	Database version: 9.5
	Default catalog/schema: bd_consejo/undefined
	Autocommit mode: undefined/unknown
	Isolation level: REPEATABLE_READ [default REPEATABLE_READ]
	JDBC fetch size: none
	Pool: DatasourceConnectionProviderImpl
	Minimum pool size: undefined/unknown
	Maximum pool size: undefined/unknown
2025-12-27 14:01:44.516 | INFO  | o.h.e.t.j.p.i.JtaPlatformInitiator:56 |   | HHH000489: No JTA platform available (set 'hibernate.transaction.jta.platform' to enable JTA platform integration)
2025-12-27 14:01:44.616 | INFO  | o.s.o.j.LocalContainerEntityManagerFactoryBean:444 |   | Initialized JPA EntityManagerFactory for persistence unit 'default'
2025-12-27 14:01:44.783 | WARN  | o.s.b.j.a.JpaBaseConfiguration$JpaWebConfiguration:247 |   | spring.jpa.open-in-view is enabled by default. Therefore, database queries may be performed during view rendering. Explicitly configure spring.jpa.open-in-view to disable this warning
2025-12-27 14:01:45.100 | INFO  | o.s.d.j.r.q.QueryEnhancerFactories:48 |   | Hibernate is in classpath; If applicable, HQL parser will be used.
2025-12-27 14:01:45.316 | INFO  | o.a.coyote.http11.Http11NioProtocol:168 |   | Starting ProtocolHandler ["http-nio-81"]
2025-12-27 14:01:45.333 | INFO  | o.s.boot.tomcat.TomcatWebServer:240 |   | Tomcat started on port 81 (http) with context path '/'
2025-12-27 14:01:45.338 | INFO  | c.u.m.MsConsejo.MsConsejoApplication:60 |   | Started MsConsejoApplication in 4.341 seconds (process running for 4.614)
2025-12-27 14:01:45.343 | WARN  | o.s.c.events.SpringDocAppInitializer:81 |   | SpringDoc /v3/api-docs endpoint is enabled by default. To disable it in production, set the property 'springdoc.api-docs.enabled=false'
2025-12-27 14:01:45.344 | WARN  | o.s.c.events.SpringDocAppInitializer:81 |   | SpringDoc /swagger-ui.html endpoint is enabled by default. To disable it in production, set the property 'springdoc.swagger-ui.enabled=false'
2025-12-27 14:02:03.726 | INFO  | o.a.tomcat.util.http.parser.Cookie:168 |   | A cookie header was received [g_state={"i_l":0,"i_ll":1766859985144,"i_b":"9tljBpqn5LKe5rrBGLQJa5bQhRHwgB/Dbq1Pkip69QU","i_e":{"enable_itp_optimization":0}}] that contained an invalid cookie. That cookie will be ignored.
 Note: further occurrences of this error will be logged at DEBUG level.
2025-12-27 14:02:03.733 | INFO  | o.a.c.c.C.[Tomcat].[localhost].[/]:168 |   | Initializing Spring DispatcherServlet 'dispatcherServlet'
2025-12-27 14:02:03.734 | INFO  | o.s.web.servlet.DispatcherServlet:523 |   | Initializing Servlet 'dispatcherServlet'
2025-12-27 14:02:03.735 | INFO  | o.s.web.servlet.DispatcherServlet:545 |   | Completed initialization in 1 ms
2025-12-27 14:02:04.982 | INFO  | o.s.api.AbstractOpenApiResource:420 | GET /v3/api-docs | Init duration for springdoc-openapi is: 765 ms
2025-12-27 14:13:46.406 | INFO  | o.a.k.common.config.AbstractConfig:380 | POST /api/kafkatest/enviarMensaje | ProducerConfig values: 
	acks = -1
	batch.size = 16384
	bootstrap.servers = [localhost:9092]
	buffer.memory = 33554432
	client.dns.lookup = use_all_dns_ips
	client.id = MsConsejo-producer-1
	compression.gzip.level = -1
	compression.lz4.level = 9
	compression.type = none
	compression.zstd.level = 3
	connections.max.idle.ms = 540000
	delivery.timeout.ms = 120000
	enable.idempotence = true
	enable.metrics.push = true
	interceptor.classes = []
	key.serializer = class org.apache.kafka.common.serialization.IntegerSerializer
	linger.ms = 5
	max.block.ms = 60000
	max.in.flight.requests.per.connection = 5
	max.request.size = 1048576
	metadata.max.age.ms = 300000
	metadata.max.idle.ms = 300000
	metadata.recovery.rebootstrap.trigger.ms = 300000
	metadata.recovery.strategy = rebootstrap
	metric.reporters = [org.apache.kafka.common.metrics.JmxReporter]
	metrics.num.samples = 2
	metrics.recording.level = INFO
	metrics.sample.window.ms = 30000
	partitioner.adaptive.partitioning.enable = true
	partitioner.availability.timeout.ms = 0
	partitioner.class = null
	partitioner.ignore.keys = false
	receive.buffer.bytes = 32768
	reconnect.backoff.max.ms = 1000
	reconnect.backoff.ms = 50
	request.timeout.ms = 30000
	retries = 2147483647
	retry.backoff.max.ms = 1000
	retry.backoff.ms = 100
	sasl.client.callback.handler.class = null
	sasl.jaas.config = null
	sasl.kerberos.kinit.cmd = /usr/bin/kinit
	sasl.kerberos.min.time.before.relogin = 60000
	sasl.kerberos.service.name = null
	sasl.kerberos.ticket.renew.jitter = 0.05
	sasl.kerberos.ticket.renew.window.factor = 0.8
	sasl.login.callback.handler.class = null
	sasl.login.class = null
	sasl.login.connect.timeout.ms = null
	sasl.login.read.timeout.ms = null
	sasl.login.refresh.buffer.seconds = 300
	sasl.login.refresh.min.period.seconds = 60
	sasl.login.refresh.window.factor = 0.8
	sasl.login.refresh.window.jitter = 0.05
	sasl.login.retry.backoff.max.ms = 10000
	sasl.login.retry.backoff.ms = 100
	sasl.mechanism = GSSAPI
	sasl.oauthbearer.assertion.algorithm = RS256
	sasl.oauthbearer.assertion.claim.aud = null
	sasl.oauthbearer.assertion.claim.exp.seconds = 300
	sasl.oauthbearer.assertion.claim.iss = null
	sasl.oauthbearer.assertion.claim.jti.include = false
	sasl.oauthbearer.assertion.claim.nbf.seconds = 60
	sasl.oauthbearer.assertion.claim.sub = null
	sasl.oauthbearer.assertion.file = null
	sasl.oauthbearer.assertion.private.key.file = null
	sasl.oauthbearer.assertion.private.key.passphrase = null
	sasl.oauthbearer.assertion.template.file = null
	sasl.oauthbearer.client.credentials.client.id = null
	sasl.oauthbearer.client.credentials.client.secret = null
	sasl.oauthbearer.clock.skew.seconds = 30
	sasl.oauthbearer.expected.audience = null
	sasl.oauthbearer.expected.issuer = null
	sasl.oauthbearer.header.urlencode = false
	sasl.oauthbearer.jwks.endpoint.refresh.ms = 3600000
	sasl.oauthbearer.jwks.endpoint.retry.backoff.max.ms = 10000
	sasl.oauthbearer.jwks.endpoint.retry.backoff.ms = 100
	sasl.oauthbearer.jwks.endpoint.url = null
	sasl.oauthbearer.jwt.retriever.class = class org.apache.kafka.common.security.oauthbearer.DefaultJwtRetriever
	sasl.oauthbearer.jwt.validator.class = class org.apache.kafka.common.security.oauthbearer.DefaultJwtValidator
	sasl.oauthbearer.scope = null
	sasl.oauthbearer.scope.claim.name = scope
	sasl.oauthbearer.sub.claim.name = sub
	sasl.oauthbearer.token.endpoint.url = null
	security.protocol = PLAINTEXT
	security.providers = null
	send.buffer.bytes = 131072
	socket.connection.setup.timeout.max.ms = 30000
	socket.connection.setup.timeout.ms = 10000
	ssl.cipher.suites = null
	ssl.enabled.protocols = [TLSv1.2, TLSv1.3]
	ssl.endpoint.identification.algorithm = https
	ssl.engine.factory.class = null
	ssl.key.password = null
	ssl.keymanager.algorithm = SunX509
	ssl.keystore.certificate.chain = null
	ssl.keystore.key = null
	ssl.keystore.location = null
	ssl.keystore.password = null
	ssl.keystore.type = JKS
	ssl.protocol = TLSv1.3
	ssl.provider = null
	ssl.secure.random.implementation = null
	ssl.trustmanager.algorithm = PKIX
	ssl.truststore.certificates = null
	ssl.truststore.location = null
	ssl.truststore.password = null
	ssl.truststore.type = JKS
	transaction.timeout.ms = 60000
	transaction.two.phase.commit.enable = false
	transactional.id = null
	value.serializer = class org.apache.kafka.common.serialization.StringSerializer

2025-12-27 14:13:46.473 | INFO  | o.a.k.c.t.i.KafkaMetricsCollector:270 | POST /api/kafkatest/enviarMensaje | initializing Kafka metrics collector
2025-12-27 14:13:46.650 | INFO  | o.a.k.clients.producer.KafkaProducer:614 | POST /api/kafkatest/enviarMensaje | [Producer clientId=MsConsejo-producer-1] Instantiated an idempotent producer.
2025-12-27 14:13:46.709 | INFO  | o.a.kafka.common.utils.AppInfoParser:125 | POST /api/kafkatest/enviarMensaje | Kafka version: 4.1.1
2025-12-27 14:13:46.709 | INFO  | o.a.kafka.common.utils.AppInfoParser:126 | POST /api/kafkatest/enviarMensaje | Kafka commitId: be816b82d25370ce
2025-12-27 14:13:46.711 | INFO  | o.a.kafka.common.utils.AppInfoParser:127 | POST /api/kafkatest/enviarMensaje | Kafka startTimeMs: 1766862826707
2025-12-27 14:13:47.128 | INFO  | org.apache.kafka.clients.Metadata:365 |   | [Producer clientId=MsConsejo-producer-1] Cluster ID: 3JPOKtqUREq_ZyWK88xQZQ
2025-12-27 14:13:47.128 | INFO  | o.a.k.c.p.i.TransactionManager:608 |   | [Producer clientId=MsConsejo-producer-1] ProducerId set to 3000 with epoch 0
2025-12-27 14:35:09.813 | WARN  | com.zaxxer.hikari.pool.HikariPool:825 |   | HikariPool-1 - Thread starvation or clock leap detected (housekeeper delta=55s630ms502µs400ns).
2025-12-27 15:27:36.244 | INFO  | c.u.m.MsConsejo.MsConsejoApplication:54 |   | Starting MsConsejoApplication using Java 25.0.1 with PID 10596 (C:\Users\ricar\OneDrive\Desktop\TallerDeDesarrollo-ProyectoFinal\TDUNU2025\MsConsejo\target\classes started by ricar in C:\Users\ricar\OneDrive\Desktop\TallerDeDesarrollo-ProyectoFinal\TDUNU2025\MsConsejo)
2025-12-27 15:27:36.248 | INFO  | c.u.m.MsConsejo.MsConsejoApplication:661 |   | No active profile set, falling back to 1 default profile: "default"
2025-12-27 15:27:36.473 | INFO  | o.h.validator.internal.util.Version:18 |   | HV000001: Hibernate Validator 9.0.1.Final
2025-12-27 15:27:36.848 | INFO  | o.s.d.r.c.RepositoryConfigurationDelegate:145 |   | Bootstrapping Spring Data JPA repositories in DEFAULT mode.
2025-12-27 15:27:36.899 | INFO  | o.s.d.r.c.RepositoryConfigurationDelegate:213 |   | Finished Spring Data repository scanning in 44 ms. Found 4 JPA repository interfaces.
2025-12-27 15:27:37.317 | INFO  | o.s.boot.tomcat.TomcatWebServer:114 |   | Tomcat initialized with port 81 (http)
2025-12-27 15:27:37.326 | INFO  | o.a.coyote.http11.Http11NioProtocol:168 |   | Initializing ProtocolHandler ["http-nio-81"]
2025-12-27 15:27:37.327 | INFO  | o.a.catalina.core.StandardService:168 |   | Starting service [Tomcat]
2025-12-27 15:27:37.327 | INFO  | o.a.catalina.core.StandardEngine:168 |   | Starting Servlet engine: [Apache Tomcat/11.0.14]
2025-12-27 15:27:37.380 | INFO  | o.s.b.w.c.s.WebApplicationContextInitializer:77 |   | Root WebApplicationContext: initialization completed in 1093 ms
2025-12-27 15:27:37.507 | INFO  | o.h.jpa.internal.util.LogHelper:30 |   | HHH000204: Processing PersistenceUnitInfo [name: default]
2025-12-27 15:27:37.566 | INFO  | org.hibernate.Version:45 |   | HHH000412: Hibernate ORM core version 7.1.8.Final
2025-12-27 15:27:37.863 | INFO  | o.s.o.j.p.SpringPersistenceUnitInfo:128 |   | No LoadTimeWeaver setup: ignoring JPA class transformer
2025-12-27 15:27:37.889 | INFO  | com.zaxxer.hikari.HikariDataSource:109 |   | HikariPool-1 - Starting...
2025-12-27 15:27:38.190 | INFO  | com.zaxxer.hikari.pool.HikariPool:580 |   | HikariPool-1 - Added connection com.mysql.cj.jdbc.ConnectionImpl@799cf32d
2025-12-27 15:27:38.192 | INFO  | com.zaxxer.hikari.HikariDataSource:122 |   | HikariPool-1 - Start completed.
2025-12-27 15:27:38.232 | WARN  | org.hibernate.orm.deprecation:152 |   | HHH90000025: MySQLDialect does not need to be specified explicitly using 'hibernate.dialect' (remove the property setting and it will be selected by default)
2025-12-27 15:27:38.243 | INFO  | o.hibernate.orm.connections.pooling:184 |   | HHH10001005: Database info:
	Database JDBC URL [jdbc:mysql://localhost:3309/bd_consejo]
	Database driver: MySQL Connector/J
	Database dialect: MySQLDialect
	Database version: 9.5
	Default catalog/schema: bd_consejo/undefined
	Autocommit mode: undefined/unknown
	Isolation level: REPEATABLE_READ [default REPEATABLE_READ]
	JDBC fetch size: none
	Pool: DatasourceConnectionProviderImpl
	Minimum pool size: undefined/unknown
	Maximum pool size: undefined/unknown
2025-12-27 15:27:38.925 | INFO  | o.h.e.t.j.p.i.JtaPlatformInitiator:56 |   | HHH000489: No JTA platform available (set 'hibernate.transaction.jta.platform' to enable JTA platform integration)
2025-12-27 15:27:39.026 | INFO  | o.s.o.j.LocalContainerEntityManagerFactoryBean:444 |   | Initialized JPA EntityManagerFactory for persistence unit 'default'
2025-12-27 15:27:39.170 | WARN  | o.s.b.j.a.JpaBaseConfiguration$JpaWebConfiguration:247 |   | spring.jpa.open-in-view is enabled by default. Therefore, database queries may be performed during view rendering. Explicitly configure spring.jpa.open-in-view to disable this warning
2025-12-27 15:27:39.457 | INFO  | o.s.d.j.r.q.QueryEnhancerFactories:48 |   | Hibernate is in classpath; If applicable, HQL parser will be used.
2025-12-27 15:27:39.658 | INFO  | o.a.coyote.http11.Http11NioProtocol:168 |   | Starting ProtocolHandler ["http-nio-81"]
2025-12-27 15:27:39.668 | INFO  | o.s.boot.tomcat.TomcatWebServer:240 |   | Tomcat started on port 81 (http) with context path '/'
2025-12-27 15:27:39.674 | INFO  | c.u.m.MsConsejo.MsConsejoApplication:60 |   | Started MsConsejoApplication in 3.806 seconds (process running for 4.076)
2025-12-27 15:27:39.677 | WARN  | o.s.c.events.SpringDocAppInitializer:81 |   | SpringDoc /v3/api-docs endpoint is enabled by default. To disable it in production, set the property 'springdoc.api-docs.enabled=false'
2025-12-27 15:27:39.677 | WARN  | o.s.c.events.SpringDocAppInitializer:81 |   | SpringDoc /swagger-ui.html endpoint is enabled by default. To disable it in production, set the property 'springdoc.swagger-ui.enabled=false'
2025-12-27 15:28:13.375 | INFO  | c.u.m.MsConsejo.MsConsejoApplication:54 |   | Starting MsConsejoApplication using Java 25.0.1 with PID 27136 (C:\Users\ricar\OneDrive\Desktop\TallerDeDesarrollo-ProyectoFinal\TDUNU2025\MsConsejo\target\classes started by ricar in C:\Users\ricar\OneDrive\Desktop\TallerDeDesarrollo-ProyectoFinal\TDUNU2025\MsConsejo)
2025-12-27 15:28:13.378 | INFO  | c.u.m.MsConsejo.MsConsejoApplication:661 |   | No active profile set, falling back to 1 default profile: "default"
2025-12-27 15:28:13.590 | INFO  | o.h.validator.internal.util.Version:18 |   | HV000001: Hibernate Validator 9.0.1.Final
2025-12-27 15:28:13.911 | INFO  | o.s.d.r.c.RepositoryConfigurationDelegate:145 |   | Bootstrapping Spring Data JPA repositories in DEFAULT mode.
2025-12-27 15:28:13.971 | INFO  | o.s.d.r.c.RepositoryConfigurationDelegate:213 |   | Finished Spring Data repository scanning in 52 ms. Found 4 JPA repository interfaces.
2025-12-27 15:28:14.322 | INFO  | o.s.boot.tomcat.TomcatWebServer:114 |   | Tomcat initialized with port 81 (http)
2025-12-27 15:28:14.331 | INFO  | o.a.coyote.http11.Http11NioProtocol:168 |   | Initializing ProtocolHandler ["http-nio-81"]
2025-12-27 15:28:14.333 | INFO  | o.a.catalina.core.StandardService:168 |   | Starting service [Tomcat]
2025-12-27 15:28:14.333 | INFO  | o.a.catalina.core.StandardEngine:168 |   | Starting Servlet engine: [Apache Tomcat/11.0.14]
2025-12-27 15:28:14.398 | INFO  | o.s.b.w.c.s.WebApplicationContextInitializer:77 |   | Root WebApplicationContext: initialization completed in 987 ms
2025-12-27 15:28:14.510 | INFO  | o.h.jpa.internal.util.LogHelper:30 |   | HHH000204: Processing PersistenceUnitInfo [name: default]
2025-12-27 15:28:14.546 | INFO  | org.hibernate.Version:45 |   | HHH000412: Hibernate ORM core version 7.1.8.Final
2025-12-27 15:28:14.795 | INFO  | o.s.o.j.p.SpringPersistenceUnitInfo:128 |   | No LoadTimeWeaver setup: ignoring JPA class transformer
2025-12-27 15:28:14.811 | INFO  | com.zaxxer.hikari.HikariDataSource:109 |   | HikariPool-1 - Starting...
2025-12-27 15:28:15.018 | INFO  | com.zaxxer.hikari.pool.HikariPool:580 |   | HikariPool-1 - Added connection com.mysql.cj.jdbc.ConnectionImpl@3aed692d
2025-12-27 15:28:15.020 | INFO  | com.zaxxer.hikari.HikariDataSource:122 |   | HikariPool-1 - Start completed.
2025-12-27 15:28:15.053 | WARN  | org.hibernate.orm.deprecation:152 |   | HHH90000025: MySQLDialect does not need to be specified explicitly using 'hibernate.dialect' (remove the property setting and it will be selected by default)
2025-12-27 15:28:15.063 | INFO  | o.hibernate.orm.connections.pooling:184 |   | HHH10001005: Database info:
	Database JDBC URL [jdbc:mysql://localhost:3309/bd_consejo]
	Database driver: MySQL Connector/J
	Database dialect: MySQLDialect
	Database version: 9.5
	Default catalog/schema: bd_consejo/undefined
	Autocommit mode: undefined/unknown
	Isolation level: REPEATABLE_READ [default REPEATABLE_READ]
	JDBC fetch size: none
	Pool: DatasourceConnectionProviderImpl
	Minimum pool size: undefined/unknown
	Maximum pool size: undefined/unknown
2025-12-27 15:28:15.646 | INFO  | o.h.e.t.j.p.i.JtaPlatformInitiator:56 |   | HHH000489: No JTA platform available (set 'hibernate.transaction.jta.platform' to enable JTA platform integration)
2025-12-27 15:28:16.080 | INFO  | o.s.o.j.LocalContainerEntityManagerFactoryBean:444 |   | Initialized JPA EntityManagerFactory for persistence unit 'default'
2025-12-27 15:28:16.231 | WARN  | o.s.b.j.a.JpaBaseConfiguration$JpaWebConfiguration:247 |   | spring.jpa.open-in-view is enabled by default. Therefore, database queries may be performed during view rendering. Explicitly configure spring.jpa.open-in-view to disable this warning
2025-12-27 15:28:16.516 | INFO  | o.s.d.j.r.q.QueryEnhancerFactories:48 |   | Hibernate is in classpath; If applicable, HQL parser will be used.
2025-12-27 15:28:16.698 | INFO  | o.a.coyote.http11.Http11NioProtocol:168 |   | Starting ProtocolHandler ["http-nio-81"]
2025-12-27 15:28:16.711 | INFO  | o.s.boot.tomcat.TomcatWebServer:240 |   | Tomcat started on port 81 (http) with context path '/'
2025-12-27 15:28:16.715 | INFO  | c.u.m.MsConsejo.MsConsejoApplication:60 |   | Started MsConsejoApplication in 3.697 seconds (process running for 3.957)
2025-12-27 15:28:16.717 | WARN  | o.s.c.events.SpringDocAppInitializer:81 |   | SpringDoc /v3/api-docs endpoint is enabled by default. To disable it in production, set the property 'springdoc.api-docs.enabled=false'
2025-12-27 15:28:16.717 | WARN  | o.s.c.events.SpringDocAppInitializer:81 |   | SpringDoc /swagger-ui.html endpoint is enabled by default. To disable it in production, set the property 'springdoc.swagger-ui.enabled=false'
2025-12-27 15:35:56.637 | INFO  | c.u.m.MsConsejo.MsConsejoApplication:54 |   | Starting MsConsejoApplication using Java 25.0.1 with PID 2684 (C:\Users\ricar\OneDrive\Desktop\TallerDeDesarrollo-ProyectoFinal\TDUNU2025\MsConsejo\target\classes started by ricar in C:\Users\ricar\OneDrive\Desktop\TallerDeDesarrollo-ProyectoFinal\TDUNU2025\MsConsejo)
2025-12-27 15:35:56.639 | INFO  | c.u.m.MsConsejo.MsConsejoApplication:661 |   | No active profile set, falling back to 1 default profile: "default"
2025-12-27 15:35:56.848 | INFO  | o.h.validator.internal.util.Version:18 |   | HV000001: Hibernate Validator 9.0.1.Final
2025-12-27 15:35:57.243 | INFO  | o.s.d.r.c.RepositoryConfigurationDelegate:145 |   | Bootstrapping Spring Data JPA repositories in DEFAULT mode.
2025-12-27 15:35:57.302 | INFO  | o.s.d.r.c.RepositoryConfigurationDelegate:213 |   | Finished Spring Data repository scanning in 51 ms. Found 5 JPA repository interfaces.
2025-12-27 15:35:57.681 | INFO  | o.s.boot.tomcat.TomcatWebServer:114 |   | Tomcat initialized with port 81 (http)
2025-12-27 15:35:57.690 | INFO  | o.a.coyote.http11.Http11NioProtocol:168 |   | Initializing ProtocolHandler ["http-nio-81"]
2025-12-27 15:35:57.692 | INFO  | o.a.catalina.core.StandardService:168 |   | Starting service [Tomcat]
2025-12-27 15:35:57.692 | INFO  | o.a.catalina.core.StandardEngine:168 |   | Starting Servlet engine: [Apache Tomcat/11.0.14]
2025-12-27 15:35:57.739 | INFO  | o.s.b.w.c.s.WebApplicationContextInitializer:77 |   | Root WebApplicationContext: initialization completed in 1068 ms
2025-12-27 15:35:57.860 | INFO  | o.h.jpa.internal.util.LogHelper:30 |   | HHH000204: Processing PersistenceUnitInfo [name: default]
2025-12-27 15:35:57.901 | INFO  | org.hibernate.Version:45 |   | HHH000412: Hibernate ORM core version 7.1.8.Final
2025-12-27 15:35:58.208 | INFO  | o.s.o.j.p.SpringPersistenceUnitInfo:128 |   | No LoadTimeWeaver setup: ignoring JPA class transformer
2025-12-27 15:35:58.244 | INFO  | com.zaxxer.hikari.HikariDataSource:109 |   | HikariPool-1 - Starting...
2025-12-27 15:35:58.509 | INFO  | com.zaxxer.hikari.pool.HikariPool:580 |   | HikariPool-1 - Added connection com.mysql.cj.jdbc.ConnectionImpl@7d0df326
2025-12-27 15:35:58.510 | INFO  | com.zaxxer.hikari.HikariDataSource:122 |   | HikariPool-1 - Start completed.
2025-12-27 15:35:58.545 | WARN  | org.hibernate.orm.deprecation:152 |   | HHH90000025: MySQLDialect does not need to be specified explicitly using 'hibernate.dialect' (remove the property setting and it will be selected by default)
2025-12-27 15:35:58.556 | INFO  | o.hibernate.orm.connections.pooling:184 |   | HHH10001005: Database info:
	Database JDBC URL [jdbc:mysql://localhost:3309/bd_consejo]
	Database driver: MySQL Connector/J
	Database dialect: MySQLDialect
	Database version: 9.5
	Default catalog/schema: bd_consejo/undefined
	Autocommit mode: undefined/unknown
	Isolation level: REPEATABLE_READ [default REPEATABLE_READ]
	JDBC fetch size: none
	Pool: DatasourceConnectionProviderImpl
	Minimum pool size: undefined/unknown
	Maximum pool size: undefined/unknown
2025-12-27 15:35:59.238 | INFO  | o.h.e.t.j.p.i.JtaPlatformInitiator:56 |   | HHH000489: No JTA platform available (set 'hibernate.transaction.jta.platform' to enable JTA platform integration)
2025-12-27 15:35:59.312 | INFO  | o.s.o.j.LocalContainerEntityManagerFactoryBean:444 |   | Initialized JPA EntityManagerFactory for persistence unit 'default'
2025-12-27 15:35:59.442 | INFO  | o.s.d.j.r.q.QueryEnhancerFactories:48 |   | Hibernate is in classpath; If applicable, HQL parser will be used.
2025-12-27 15:35:59.701 | WARN  | o.s.b.j.a.JpaBaseConfiguration$JpaWebConfiguration:247 |   | spring.jpa.open-in-view is enabled by default. Therefore, database queries may be performed during view rendering. Explicitly configure spring.jpa.open-in-view to disable this warning
2025-12-27 15:35:59.998 | INFO  | o.a.coyote.http11.Http11NioProtocol:168 |   | Starting ProtocolHandler ["http-nio-81"]
2025-12-27 15:36:00.009 | INFO  | o.s.boot.tomcat.TomcatWebServer:240 |   | Tomcat started on port 81 (http) with context path '/'
2025-12-27 15:36:00.013 | INFO  | c.u.m.MsConsejo.MsConsejoApplication:60 |   | Started MsConsejoApplication in 3.734 seconds (process running for 3.992)
2025-12-27 15:36:00.353 | WARN  | o.s.c.events.SpringDocAppInitializer:81 |   | SpringDoc /v3/api-docs endpoint is enabled by default. To disable it in production, set the property 'springdoc.api-docs.enabled=false'
2025-12-27 15:36:00.354 | WARN  | o.s.c.events.SpringDocAppInitializer:81 |   | SpringDoc /swagger-ui.html endpoint is enabled by default. To disable it in production, set the property 'springdoc.swagger-ui.enabled=false'
