2026-01-01T03:12:53.144-05:00  INFO 22968 --- [main] polyglot.ms.test.pay.PayApplication      : Starting PayApplication using Java 21.0.9 with PID 22968 (C:\Users\ricar\OneDrive\Desktop\UNU-Projects\TallerDeDesarrollo\Pay\target\classes started by ricar in C:\Users\ricar\OneDrive\Desktop\UNU-Projects\TallerDeDesarrollo)
2026-01-01T03:12:53.148-05:00  INFO 22968 --- [main] polyglot.ms.test.pay.PayApplication      : No active profile set, falling back to 1 default profile: "default"
2026-01-01T03:12:53.988-05:00  INFO 22968 --- [main] .s.d.r.c.RepositoryConfigurationDelegate : Bootstrapping Spring Data JPA repositories in DEFAULT mode.
2026-01-01T03:12:54.032-05:00  INFO 22968 --- [main] .s.d.r.c.RepositoryConfigurationDelegate : Finished Spring Data repository scanning in 35 ms. Found 1 JPA repository interfaces.
2026-01-01T03:12:54.558-05:00  INFO 22968 --- [main] o.s.b.w.embedded.tomcat.TomcatWebServer  : Tomcat initialized with port(s): 83 (http)
2026-01-01T03:12:54.567-05:00  INFO 22968 --- [main] o.apache.catalina.core.StandardService   : Starting service [Tomcat]
2026-01-01T03:12:54.567-05:00  INFO 22968 --- [main] o.apache.catalina.core.StandardEngine    : Starting Servlet engine: [Apache Tomcat/10.1.13]
2026-01-01T03:12:54.724-05:00  INFO 22968 --- [main] o.a.c.c.C.[Tomcat].[localhost].[/]       : Initializing Spring embedded WebApplicationContext
2026-01-01T03:12:54.724-05:00  INFO 22968 --- [main] w.s.c.ServletWebServerApplicationContext : Root WebApplicationContext: initialization completed in 1531 ms
2026-01-01T03:12:55.029-05:00  INFO 22968 --- [main] o.hibernate.jpa.internal.util.LogHelper  : HHH000204: Processing PersistenceUnitInfo [name: default]
2026-01-01T03:12:55.083-05:00  INFO 22968 --- [main] org.hibernate.Version                    : HHH000412: Hibernate ORM core version 6.2.9.Final
2026-01-01T03:12:55.086-05:00  INFO 22968 --- [main] org.hibernate.cfg.Environment            : HHH000406: Using bytecode reflection optimizer
2026-01-01T03:12:55.207-05:00  INFO 22968 --- [main] o.h.b.i.BytecodeProviderInitiator        : HHH000021: Bytecode provider name : bytebuddy
2026-01-01T03:12:55.312-05:00  INFO 22968 --- [main] o.s.o.j.p.SpringPersistenceUnitInfo      : No LoadTimeWeaver setup: ignoring JPA class transformer
2026-01-01T03:12:55.326-05:00  INFO 22968 --- [main] com.zaxxer.hikari.HikariDataSource       : HikariPool-1 - Starting...
2026-01-01T03:12:55.585-05:00  INFO 22968 --- [main] com.zaxxer.hikari.pool.HikariPool        : HikariPool-1 - Added connection com.mysql.cj.jdbc.ConnectionImpl@498e41a4
2026-01-01T03:12:55.586-05:00  INFO 22968 --- [main] com.zaxxer.hikari.HikariDataSource       : HikariPool-1 - Start completed.
2026-01-01T03:12:55.629-05:00  WARN 22968 --- [main] org.hibernate.orm.deprecation            : HHH90000026: MySQL8Dialect has been deprecated; use org.hibernate.dialect.MySQLDialect instead
2026-01-01T03:12:55.761-05:00  INFO 22968 --- [main] o.h.b.i.BytecodeProviderInitiator        : HHH000021: Bytecode provider name : bytebuddy
2026-01-01T03:12:56.148-05:00  INFO 22968 --- [main] o.h.e.t.j.p.i.JtaPlatformInitiator       : HHH000490: Using JtaPlatform implementation: [org.hibernate.engine.transaction.jta.platform.internal.NoJtaPlatform]
2026-01-01T03:12:56.213-05:00  INFO 22968 --- [main] j.LocalContainerEntityManagerFactoryBean : Initialized JPA EntityManagerFactory for persistence unit 'default'
2026-01-01T03:12:56.396-05:00  WARN 22968 --- [main] ConfigServletWebServerApplicationContext : Exception encountered during context initialization - cancelling refresh attempt: org.springframework.beans.factory.BeanCreationException: Error creating bean with name 'payMessagePublish': Injection of autowired dependencies failed
2026-01-01T03:12:56.397-05:00  INFO 22968 --- [main] j.LocalContainerEntityManagerFactoryBean : Closing JPA EntityManagerFactory for persistence unit 'default'
2026-01-01T03:12:56.397-05:00  INFO 22968 --- [main] com.zaxxer.hikari.HikariDataSource       : HikariPool-1 - Shutdown initiated...
2026-01-01T03:12:56.406-05:00  INFO 22968 --- [main] com.zaxxer.hikari.HikariDataSource       : HikariPool-1 - Shutdown completed.
2026-01-01T03:12:56.407-05:00  INFO 22968 --- [main] o.apache.catalina.core.StandardService   : Stopping service [Tomcat]
2026-01-01T03:12:56.418-05:00  INFO 22968 --- [main] .s.b.a.l.ConditionEvaluationReportLogger : 

Error starting ApplicationContext. To display the condition evaluation report re-run your application with 'debug' enabled.
2026-01-01T03:12:56.433-05:00 ERROR 22968 --- [main] o.s.boot.SpringApplication               : Application run failed

org.springframework.beans.factory.BeanCreationException: Error creating bean with name 'payMessagePublish': Injection of autowired dependencies failed
	at org.springframework.beans.factory.annotation.AutowiredAnnotationBeanPostProcessor.postProcessProperties(AutowiredAnnotationBeanPostProcessor.java:498) ~[spring-beans-6.0.12.jar:6.0.12]
	at org.springframework.beans.factory.support.AbstractAutowireCapableBeanFactory.populateBean(AbstractAutowireCapableBeanFactory.java:1416) ~[spring-beans-6.0.12.jar:6.0.12]
	at org.springframework.beans.factory.support.AbstractAutowireCapableBeanFactory.doCreateBean(AbstractAutowireCapableBeanFactory.java:597) ~[spring-beans-6.0.12.jar:6.0.12]
	at org.springframework.beans.factory.support.AbstractAutowireCapableBeanFactory.createBean(AbstractAutowireCapableBeanFactory.java:520) ~[spring-beans-6.0.12.jar:6.0.12]
	at org.springframework.beans.factory.support.AbstractBeanFactory.lambda$doGetBean$0(AbstractBeanFactory.java:325) ~[spring-beans-6.0.12.jar:6.0.12]
	at org.springframework.beans.factory.support.DefaultSingletonBeanRegistry.getSingleton(DefaultSingletonBeanRegistry.java:234) ~[spring-beans-6.0.12.jar:6.0.12]
	at org.springframework.beans.factory.support.AbstractBeanFactory.doGetBean(AbstractBeanFactory.java:323) ~[spring-beans-6.0.12.jar:6.0.12]
	at org.springframework.beans.factory.support.AbstractBeanFactory.getBean(AbstractBeanFactory.java:199) ~[spring-beans-6.0.12.jar:6.0.12]
	at org.springframework.beans.factory.support.DefaultListableBeanFactory.preInstantiateSingletons(DefaultListableBeanFactory.java:973) ~[spring-beans-6.0.12.jar:6.0.12]
	at org.springframework.context.support.AbstractApplicationContext.finishBeanFactoryInitialization(AbstractApplicationContext.java:942) ~[spring-context-6.0.12.jar:6.0.12]
	at org.springframework.context.support.AbstractApplicationContext.refresh(AbstractApplicationContext.java:608) ~[spring-context-6.0.12.jar:6.0.12]
	at org.springframework.boot.web.servlet.context.ServletWebServerApplicationContext.refresh(ServletWebServerApplicationContext.java:146) ~[spring-boot-3.1.4.jar:3.1.4]
	at org.springframework.boot.SpringApplication.refresh(SpringApplication.java:737) ~[spring-boot-3.1.4.jar:3.1.4]
	at org.springframework.boot.SpringApplication.refreshContext(SpringApplication.java:439) ~[spring-boot-3.1.4.jar:3.1.4]
	at org.springframework.boot.SpringApplication.run(SpringApplication.java:315) ~[spring-boot-3.1.4.jar:3.1.4]
	at org.springframework.boot.SpringApplication.run(SpringApplication.java:1309) ~[spring-boot-3.1.4.jar:3.1.4]
	at org.springframework.boot.SpringApplication.run(SpringApplication.java:1298) ~[spring-boot-3.1.4.jar:3.1.4]
	at polyglot.ms.test.pay.PayApplication.main(PayApplication.java:10) ~[classes/:na]
Caused by: java.lang.IllegalArgumentException: Could not resolve placeholder 'spring.kafka.template.default-topic' in value "${spring.kafka.template.default-topic}"
	at org.springframework.util.PropertyPlaceholderHelper.parseStringValue(PropertyPlaceholderHelper.java:180) ~[spring-core-6.0.12.jar:6.0.12]
	at org.springframework.util.PropertyPlaceholderHelper.replacePlaceholders(PropertyPlaceholderHelper.java:126) ~[spring-core-6.0.12.jar:6.0.12]
	at org.springframework.core.env.AbstractPropertyResolver.doResolvePlaceholders(AbstractPropertyResolver.java:239) ~[spring-core-6.0.12.jar:6.0.12]
	at org.springframework.core.env.AbstractPropertyResolver.resolveRequiredPlaceholders(AbstractPropertyResolver.java:210) ~[spring-core-6.0.12.jar:6.0.12]
	at org.springframework.context.support.PropertySourcesPlaceholderConfigurer.lambda$processProperties$0(PropertySourcesPlaceholderConfigurer.java:200) ~[spring-context-6.0.12.jar:6.0.12]
	at org.springframework.beans.factory.support.AbstractBeanFactory.resolveEmbeddedValue(AbstractBeanFactory.java:918) ~[spring-beans-6.0.12.jar:6.0.12]
	at org.springframework.beans.factory.support.DefaultListableBeanFactory.doResolveDependency(DefaultListableBeanFactory.java:1358) ~[spring-beans-6.0.12.jar:6.0.12]
	at org.springframework.beans.factory.support.DefaultListableBeanFactory.resolveDependency(DefaultListableBeanFactory.java:1337) ~[spring-beans-6.0.12.jar:6.0.12]
	at org.springframework.beans.factory.annotation.AutowiredAnnotationBeanPostProcessor$AutowiredFieldElement.resolveFieldValue(AutowiredAnnotationBeanPostProcessor.java:764) ~[spring-beans-6.0.12.jar:6.0.12]
	at org.springframework.beans.factory.annotation.AutowiredAnnotationBeanPostProcessor$AutowiredFieldElement.inject(AutowiredAnnotationBeanPostProcessor.java:747) ~[spring-beans-6.0.12.jar:6.0.12]
	at org.springframework.beans.factory.annotation.InjectionMetadata.inject(InjectionMetadata.java:145) ~[spring-beans-6.0.12.jar:6.0.12]
	at org.springframework.beans.factory.annotation.AutowiredAnnotationBeanPostProcessor.postProcessProperties(AutowiredAnnotationBeanPostProcessor.java:492) ~[spring-beans-6.0.12.jar:6.0.12]
	... 17 common frames omitted

2026-01-01T03:13:40.832-05:00  INFO 4976 --- [main] polyglot.ms.test.pay.PayApplication      : Starting PayApplication using Java 21.0.9 with PID 4976 (C:\Users\ricar\OneDrive\Desktop\UNU-Projects\TallerDeDesarrollo\Pay\target\classes started by ricar in C:\Users\ricar\OneDrive\Desktop\UNU-Projects\TallerDeDesarrollo)
2026-01-01T03:13:40.834-05:00  INFO 4976 --- [main] polyglot.ms.test.pay.PayApplication      : No active profile set, falling back to 1 default profile: "default"
2026-01-01T03:13:41.529-05:00  INFO 4976 --- [main] .s.d.r.c.RepositoryConfigurationDelegate : Bootstrapping Spring Data JPA repositories in DEFAULT mode.
2026-01-01T03:13:41.572-05:00  INFO 4976 --- [main] .s.d.r.c.RepositoryConfigurationDelegate : Finished Spring Data repository scanning in 37 ms. Found 1 JPA repository interfaces.
2026-01-01T03:13:42.030-05:00  INFO 4976 --- [main] o.s.b.w.embedded.tomcat.TomcatWebServer  : Tomcat initialized with port(s): 83 (http)
2026-01-01T03:13:42.039-05:00  INFO 4976 --- [main] o.apache.catalina.core.StandardService   : Starting service [Tomcat]
2026-01-01T03:13:42.039-05:00  INFO 4976 --- [main] o.apache.catalina.core.StandardEngine    : Starting Servlet engine: [Apache Tomcat/10.1.13]
2026-01-01T03:13:42.119-05:00  INFO 4976 --- [main] o.a.c.c.C.[Tomcat].[localhost].[/]       : Initializing Spring embedded WebApplicationContext
2026-01-01T03:13:42.120-05:00  INFO 4976 --- [main] w.s.c.ServletWebServerApplicationContext : Root WebApplicationContext: initialization completed in 1243 ms
2026-01-01T03:13:42.295-05:00  INFO 4976 --- [main] o.hibernate.jpa.internal.util.LogHelper  : HHH000204: Processing PersistenceUnitInfo [name: default]
2026-01-01T03:13:42.336-05:00  INFO 4976 --- [main] org.hibernate.Version                    : HHH000412: Hibernate ORM core version 6.2.9.Final
2026-01-01T03:13:42.338-05:00  INFO 4976 --- [main] org.hibernate.cfg.Environment            : HHH000406: Using bytecode reflection optimizer
2026-01-01T03:13:42.436-05:00  INFO 4976 --- [main] o.h.b.i.BytecodeProviderInitiator        : HHH000021: Bytecode provider name : bytebuddy
2026-01-01T03:13:42.526-05:00  INFO 4976 --- [main] o.s.o.j.p.SpringPersistenceUnitInfo      : No LoadTimeWeaver setup: ignoring JPA class transformer
2026-01-01T03:13:42.539-05:00  INFO 4976 --- [main] com.zaxxer.hikari.HikariDataSource       : HikariPool-1 - Starting...
2026-01-01T03:13:42.780-05:00  INFO 4976 --- [main] com.zaxxer.hikari.pool.HikariPool        : HikariPool-1 - Added connection com.mysql.cj.jdbc.ConnectionImpl@4fc3529
2026-01-01T03:13:42.782-05:00  INFO 4976 --- [main] com.zaxxer.hikari.HikariDataSource       : HikariPool-1 - Start completed.
2026-01-01T03:13:42.818-05:00  WARN 4976 --- [main] org.hibernate.orm.deprecation            : HHH90000026: MySQL8Dialect has been deprecated; use org.hibernate.dialect.MySQLDialect instead
2026-01-01T03:13:42.927-05:00  INFO 4976 --- [main] o.h.b.i.BytecodeProviderInitiator        : HHH000021: Bytecode provider name : bytebuddy
2026-01-01T03:13:43.275-05:00  INFO 4976 --- [main] o.h.e.t.j.p.i.JtaPlatformInitiator       : HHH000490: Using JtaPlatform implementation: [org.hibernate.engine.transaction.jta.platform.internal.NoJtaPlatform]
2026-01-01T03:13:43.309-05:00  INFO 4976 --- [main] j.LocalContainerEntityManagerFactoryBean : Initialized JPA EntityManagerFactory for persistence unit 'default'
2026-01-01T03:13:43.592-05:00  WARN 4976 --- [main] JpaBaseConfiguration$JpaWebConfiguration : spring.jpa.open-in-view is enabled by default. Therefore, database queries may be performed during view rendering. Explicitly configure spring.jpa.open-in-view to disable this warning
2026-01-01T03:13:44.078-05:00  INFO 4976 --- [main] o.s.b.a.e.web.EndpointLinksResolver      : Exposing 1 endpoint(s) beneath base path '/actuator'
2026-01-01T03:13:44.143-05:00  INFO 4976 --- [main] o.s.b.w.embedded.tomcat.TomcatWebServer  : Tomcat started on port(s): 83 (http) with context path ''
2026-01-01T03:13:44.152-05:00  INFO 4976 --- [main] polyglot.ms.test.pay.PayApplication      : Started PayApplication in 3.646 seconds (process running for 3.917)
2026-01-01T03:16:26.105-05:00  INFO 20060 --- [main] polyglot.ms.test.pay.PayApplication      : Starting PayApplication using Java 21.0.9 with PID 20060 (C:\Users\ricar\OneDrive\Desktop\UNU-Projects\TallerDeDesarrollo\Pay\target\classes started by ricar in C:\Users\ricar\OneDrive\Desktop\UNU-Projects\TallerDeDesarrollo)
2026-01-01T03:16:26.106-05:00  INFO 20060 --- [main] polyglot.ms.test.pay.PayApplication      : No active profile set, falling back to 1 default profile: "default"
2026-01-01T03:16:26.782-05:00  INFO 20060 --- [main] .s.d.r.c.RepositoryConfigurationDelegate : Bootstrapping Spring Data JPA repositories in DEFAULT mode.
2026-01-01T03:16:26.824-05:00  INFO 20060 --- [main] .s.d.r.c.RepositoryConfigurationDelegate : Finished Spring Data repository scanning in 36 ms. Found 1 JPA repository interfaces.
2026-01-01T03:16:27.296-05:00  INFO 20060 --- [main] o.s.b.w.embedded.tomcat.TomcatWebServer  : Tomcat initialized with port(s): 83 (http)
2026-01-01T03:16:27.303-05:00  INFO 20060 --- [main] o.apache.catalina.core.StandardService   : Starting service [Tomcat]
2026-01-01T03:16:27.305-05:00  INFO 20060 --- [main] o.apache.catalina.core.StandardEngine    : Starting Servlet engine: [Apache Tomcat/10.1.13]
2026-01-01T03:16:27.388-05:00  INFO 20060 --- [main] o.a.c.c.C.[Tomcat].[localhost].[/]       : Initializing Spring embedded WebApplicationContext
2026-01-01T03:16:27.388-05:00  INFO 20060 --- [main] w.s.c.ServletWebServerApplicationContext : Root WebApplicationContext: initialization completed in 1241 ms
2026-01-01T03:16:27.595-05:00  INFO 20060 --- [main] o.hibernate.jpa.internal.util.LogHelper  : HHH000204: Processing PersistenceUnitInfo [name: default]
2026-01-01T03:16:27.650-05:00  INFO 20060 --- [main] org.hibernate.Version                    : HHH000412: Hibernate ORM core version 6.2.9.Final
2026-01-01T03:16:27.651-05:00  INFO 20060 --- [main] org.hibernate.cfg.Environment            : HHH000406: Using bytecode reflection optimizer
2026-01-01T03:16:27.751-05:00  INFO 20060 --- [main] o.h.b.i.BytecodeProviderInitiator        : HHH000021: Bytecode provider name : bytebuddy
2026-01-01T03:16:27.851-05:00  INFO 20060 --- [main] o.s.o.j.p.SpringPersistenceUnitInfo      : No LoadTimeWeaver setup: ignoring JPA class transformer
2026-01-01T03:16:27.863-05:00  INFO 20060 --- [main] com.zaxxer.hikari.HikariDataSource       : HikariPool-1 - Starting...
2026-01-01T03:16:28.093-05:00  INFO 20060 --- [main] com.zaxxer.hikari.pool.HikariPool        : HikariPool-1 - Added connection com.mysql.cj.jdbc.ConnectionImpl@4fc3529
2026-01-01T03:16:28.096-05:00  INFO 20060 --- [main] com.zaxxer.hikari.HikariDataSource       : HikariPool-1 - Start completed.
2026-01-01T03:16:28.135-05:00  WARN 20060 --- [main] org.hibernate.orm.deprecation            : HHH90000026: MySQL8Dialect has been deprecated; use org.hibernate.dialect.MySQLDialect instead
2026-01-01T03:16:28.270-05:00  INFO 20060 --- [main] o.h.b.i.BytecodeProviderInitiator        : HHH000021: Bytecode provider name : bytebuddy
2026-01-01T03:16:28.672-05:00  INFO 20060 --- [main] o.h.e.t.j.p.i.JtaPlatformInitiator       : HHH000490: Using JtaPlatform implementation: [org.hibernate.engine.transaction.jta.platform.internal.NoJtaPlatform]
2026-01-01T03:16:28.706-05:00  INFO 20060 --- [main] j.LocalContainerEntityManagerFactoryBean : Initialized JPA EntityManagerFactory for persistence unit 'default'
2026-01-01T03:16:28.933-05:00  WARN 20060 --- [main] JpaBaseConfiguration$JpaWebConfiguration : spring.jpa.open-in-view is enabled by default. Therefore, database queries may be performed during view rendering. Explicitly configure spring.jpa.open-in-view to disable this warning
2026-01-01T03:16:29.329-05:00  INFO 20060 --- [main] o.s.b.a.e.web.EndpointLinksResolver      : Exposing 1 endpoint(s) beneath base path '/actuator'
2026-01-01T03:16:29.388-05:00  INFO 20060 --- [main] o.s.b.w.embedded.tomcat.TomcatWebServer  : Tomcat started on port(s): 83 (http) with context path ''
2026-01-01T03:16:29.400-05:00  INFO 20060 --- [main] polyglot.ms.test.pay.PayApplication      : Started PayApplication in 3.614 seconds (process running for 3.883)
2026-01-01T03:23:07.307-05:00  INFO 22260 --- [main] polyglot.ms.test.pay.PayApplication      : Starting PayApplication using Java 21.0.9 with PID 22260 (C:\Users\ricar\OneDrive\Desktop\UNU-Projects\TallerDeDesarrollo\Pay\target\classes started by ricar in C:\Users\ricar\OneDrive\Desktop\UNU-Projects\TallerDeDesarrollo)
2026-01-01T03:23:07.308-05:00  INFO 22260 --- [main] polyglot.ms.test.pay.PayApplication      : No active profile set, falling back to 1 default profile: "default"
2026-01-01T03:23:07.984-05:00  INFO 22260 --- [main] .s.d.r.c.RepositoryConfigurationDelegate : Bootstrapping Spring Data JPA repositories in DEFAULT mode.
2026-01-01T03:23:08.029-05:00  INFO 22260 --- [main] .s.d.r.c.RepositoryConfigurationDelegate : Finished Spring Data repository scanning in 39 ms. Found 1 JPA repository interfaces.
2026-01-01T03:23:08.573-05:00  INFO 22260 --- [main] o.s.b.w.embedded.tomcat.TomcatWebServer  : Tomcat initialized with port(s): 83 (http)
2026-01-01T03:23:08.585-05:00  INFO 22260 --- [main] o.apache.catalina.core.StandardService   : Starting service [Tomcat]
2026-01-01T03:23:08.586-05:00  INFO 22260 --- [main] o.apache.catalina.core.StandardEngine    : Starting Servlet engine: [Apache Tomcat/10.1.13]
2026-01-01T03:23:08.669-05:00  INFO 22260 --- [main] o.a.c.c.C.[Tomcat].[localhost].[/]       : Initializing Spring embedded WebApplicationContext
2026-01-01T03:23:08.670-05:00  INFO 22260 --- [main] w.s.c.ServletWebServerApplicationContext : Root WebApplicationContext: initialization completed in 1321 ms
2026-01-01T03:23:08.925-05:00  INFO 22260 --- [main] o.hibernate.jpa.internal.util.LogHelper  : HHH000204: Processing PersistenceUnitInfo [name: default]
2026-01-01T03:23:08.978-05:00  INFO 22260 --- [main] org.hibernate.Version                    : HHH000412: Hibernate ORM core version 6.2.9.Final
2026-01-01T03:23:08.980-05:00  INFO 22260 --- [main] org.hibernate.cfg.Environment            : HHH000406: Using bytecode reflection optimizer
2026-01-01T03:23:09.085-05:00  INFO 22260 --- [main] o.h.b.i.BytecodeProviderInitiator        : HHH000021: Bytecode provider name : bytebuddy
2026-01-01T03:23:09.183-05:00  INFO 22260 --- [main] o.s.o.j.p.SpringPersistenceUnitInfo      : No LoadTimeWeaver setup: ignoring JPA class transformer
2026-01-01T03:23:09.196-05:00  INFO 22260 --- [main] com.zaxxer.hikari.HikariDataSource       : HikariPool-1 - Starting...
2026-01-01T03:23:09.447-05:00  INFO 22260 --- [main] com.zaxxer.hikari.pool.HikariPool        : HikariPool-1 - Added connection com.mysql.cj.jdbc.ConnectionImpl@4fc3529
2026-01-01T03:23:09.449-05:00  INFO 22260 --- [main] com.zaxxer.hikari.HikariDataSource       : HikariPool-1 - Start completed.
2026-01-01T03:23:09.496-05:00  WARN 22260 --- [main] org.hibernate.orm.deprecation            : HHH90000026: MySQL8Dialect has been deprecated; use org.hibernate.dialect.MySQLDialect instead
2026-01-01T03:23:09.630-05:00  INFO 22260 --- [main] o.h.b.i.BytecodeProviderInitiator        : HHH000021: Bytecode provider name : bytebuddy
2026-01-01T03:23:10.004-05:00  INFO 22260 --- [main] o.h.e.t.j.p.i.JtaPlatformInitiator       : HHH000490: Using JtaPlatform implementation: [org.hibernate.engine.transaction.jta.platform.internal.NoJtaPlatform]
2026-01-01T03:23:10.041-05:00  INFO 22260 --- [main] j.LocalContainerEntityManagerFactoryBean : Initialized JPA EntityManagerFactory for persistence unit 'default'
2026-01-01T03:23:10.296-05:00  WARN 22260 --- [main] JpaBaseConfiguration$JpaWebConfiguration : spring.jpa.open-in-view is enabled by default. Therefore, database queries may be performed during view rendering. Explicitly configure spring.jpa.open-in-view to disable this warning
2026-01-01T03:23:10.760-05:00  INFO 22260 --- [main] o.s.b.a.e.web.EndpointLinksResolver      : Exposing 1 endpoint(s) beneath base path '/actuator'
2026-01-01T03:23:10.837-05:00  INFO 22260 --- [main] o.s.b.w.embedded.tomcat.TomcatWebServer  : Tomcat started on port(s): 83 (http) with context path ''
2026-01-01T03:23:10.848-05:00  INFO 22260 --- [main] polyglot.ms.test.pay.PayApplication      : Started PayApplication in 3.846 seconds (process running for 4.099)
2026-01-01T03:24:36.637-05:00  INFO 33876 --- [main] polyglot.ms.test.pay.PayApplication      : Starting PayApplication using Java 21.0.9 with PID 33876 (C:\Users\ricar\OneDrive\Desktop\UNU-Projects\TallerDeDesarrollo\Pay\target\classes started by ricar in C:\Users\ricar\OneDrive\Desktop\UNU-Projects\TallerDeDesarrollo)
2026-01-01T03:24:36.639-05:00  INFO 33876 --- [main] polyglot.ms.test.pay.PayApplication      : No active profile set, falling back to 1 default profile: "default"
2026-01-01T03:24:37.359-05:00  INFO 33876 --- [main] .s.d.r.c.RepositoryConfigurationDelegate : Bootstrapping Spring Data JPA repositories in DEFAULT mode.
2026-01-01T03:24:37.407-05:00  INFO 33876 --- [main] .s.d.r.c.RepositoryConfigurationDelegate : Finished Spring Data repository scanning in 42 ms. Found 1 JPA repository interfaces.
2026-01-01T03:24:37.973-05:00  INFO 33876 --- [main] o.s.b.w.embedded.tomcat.TomcatWebServer  : Tomcat initialized with port(s): 83 (http)
2026-01-01T03:24:37.981-05:00  INFO 33876 --- [main] o.apache.catalina.core.StandardService   : Starting service [Tomcat]
2026-01-01T03:24:37.982-05:00  INFO 33876 --- [main] o.apache.catalina.core.StandardEngine    : Starting Servlet engine: [Apache Tomcat/10.1.13]
2026-01-01T03:24:38.066-05:00  INFO 33876 --- [main] o.a.c.c.C.[Tomcat].[localhost].[/]       : Initializing Spring embedded WebApplicationContext
2026-01-01T03:24:38.066-05:00  INFO 33876 --- [main] w.s.c.ServletWebServerApplicationContext : Root WebApplicationContext: initialization completed in 1386 ms
2026-01-01T03:24:38.374-05:00  INFO 33876 --- [main] o.hibernate.jpa.internal.util.LogHelper  : HHH000204: Processing PersistenceUnitInfo [name: default]
2026-01-01T03:24:38.413-05:00  INFO 33876 --- [main] org.hibernate.Version                    : HHH000412: Hibernate ORM core version 6.2.9.Final
2026-01-01T03:24:38.415-05:00  INFO 33876 --- [main] org.hibernate.cfg.Environment            : HHH000406: Using bytecode reflection optimizer
2026-01-01T03:24:38.507-05:00  INFO 33876 --- [main] o.h.b.i.BytecodeProviderInitiator        : HHH000021: Bytecode provider name : bytebuddy
2026-01-01T03:24:38.592-05:00  INFO 33876 --- [main] o.s.o.j.p.SpringPersistenceUnitInfo      : No LoadTimeWeaver setup: ignoring JPA class transformer
2026-01-01T03:24:38.605-05:00  INFO 33876 --- [main] com.zaxxer.hikari.HikariDataSource       : HikariPool-1 - Starting...
2026-01-01T03:24:38.849-05:00  INFO 33876 --- [main] com.zaxxer.hikari.pool.HikariPool        : HikariPool-1 - Added connection com.mysql.cj.jdbc.ConnectionImpl@4fc3529
2026-01-01T03:24:38.850-05:00  INFO 33876 --- [main] com.zaxxer.hikari.HikariDataSource       : HikariPool-1 - Start completed.
2026-01-01T03:24:38.889-05:00  WARN 33876 --- [main] org.hibernate.orm.deprecation            : HHH90000026: MySQL8Dialect has been deprecated; use org.hibernate.dialect.MySQLDialect instead
2026-01-01T03:24:39.008-05:00  INFO 33876 --- [main] o.h.b.i.BytecodeProviderInitiator        : HHH000021: Bytecode provider name : bytebuddy
2026-01-01T03:24:39.360-05:00  INFO 33876 --- [main] o.h.e.t.j.p.i.JtaPlatformInitiator       : HHH000490: Using JtaPlatform implementation: [org.hibernate.engine.transaction.jta.platform.internal.NoJtaPlatform]
2026-01-01T03:24:39.393-05:00  INFO 33876 --- [main] j.LocalContainerEntityManagerFactoryBean : Initialized JPA EntityManagerFactory for persistence unit 'default'
2026-01-01T03:24:39.652-05:00  WARN 33876 --- [main] JpaBaseConfiguration$JpaWebConfiguration : spring.jpa.open-in-view is enabled by default. Therefore, database queries may be performed during view rendering. Explicitly configure spring.jpa.open-in-view to disable this warning
2026-01-01T03:24:40.143-05:00  INFO 33876 --- [main] o.s.b.a.e.web.EndpointLinksResolver      : Exposing 1 endpoint(s) beneath base path '/actuator'
2026-01-01T03:24:40.214-05:00  INFO 33876 --- [main] o.s.b.w.embedded.tomcat.TomcatWebServer  : Tomcat started on port(s): 83 (http) with context path ''
2026-01-01T03:24:40.221-05:00  INFO 33876 --- [main] polyglot.ms.test.pay.PayApplication      : Started PayApplication in 3.88 seconds (process running for 4.12)
2026-01-01T03:24:59.393-05:00  INFO 33876 --- [http-nio-83-exec-1] o.apache.tomcat.util.http.parser.Cookie  : A cookie header was received [g_state={"i_l":0,"i_ll":1767243046493,"i_b":"KZtrcJaVJA89rGGceC0ZbvpSsLFhC9ejshcnbaSsMjk","i_e":{"enable_itp_optimization":0}}] that contained an invalid cookie. That cookie will be ignored.
 Note: further occurrences of this error will be logged at DEBUG level.
2026-01-01T03:24:59.400-05:00  INFO 33876 --- [http-nio-83-exec-1] o.a.c.c.C.[Tomcat].[localhost].[/]       : Initializing Spring DispatcherServlet 'dispatcherServlet'
2026-01-01T03:24:59.401-05:00  INFO 33876 --- [http-nio-83-exec-1] o.s.web.servlet.DispatcherServlet        : Initializing Servlet 'dispatcherServlet'
2026-01-01T03:24:59.405-05:00  INFO 33876 --- [http-nio-83-exec-1] o.s.web.servlet.DispatcherServlet        : Completed initialization in 3 ms
2026-01-01T03:26:45.593-05:00  INFO 28676 --- [main] polyglot.ms.test.pay.PayApplication      : Starting PayApplication using Java 21.0.9 with PID 28676 (C:\Users\ricar\OneDrive\Desktop\UNU-Projects\TallerDeDesarrollo\Pay\target\classes started by ricar in C:\Users\ricar\OneDrive\Desktop\UNU-Projects\TallerDeDesarrollo)
2026-01-01T03:26:45.595-05:00  INFO 28676 --- [main] polyglot.ms.test.pay.PayApplication      : No active profile set, falling back to 1 default profile: "default"
2026-01-01T03:26:46.281-05:00  INFO 28676 --- [main] .s.d.r.c.RepositoryConfigurationDelegate : Bootstrapping Spring Data JPA repositories in DEFAULT mode.
2026-01-01T03:26:46.319-05:00  INFO 28676 --- [main] .s.d.r.c.RepositoryConfigurationDelegate : Finished Spring Data repository scanning in 32 ms. Found 1 JPA repository interfaces.
2026-01-01T03:26:46.854-05:00  INFO 28676 --- [main] o.s.b.w.embedded.tomcat.TomcatWebServer  : Tomcat initialized with port(s): 83 (http)
2026-01-01T03:26:46.866-05:00  INFO 28676 --- [main] o.apache.catalina.core.StandardService   : Starting service [Tomcat]
2026-01-01T03:26:46.866-05:00  INFO 28676 --- [main] o.apache.catalina.core.StandardEngine    : Starting Servlet engine: [Apache Tomcat/10.1.13]
2026-01-01T03:26:46.949-05:00  INFO 28676 --- [main] o.a.c.c.C.[Tomcat].[localhost].[/]       : Initializing Spring embedded WebApplicationContext
2026-01-01T03:26:46.950-05:00  INFO 28676 --- [main] w.s.c.ServletWebServerApplicationContext : Root WebApplicationContext: initialization completed in 1310 ms
2026-01-01T03:26:47.185-05:00  INFO 28676 --- [main] o.hibernate.jpa.internal.util.LogHelper  : HHH000204: Processing PersistenceUnitInfo [name: default]
2026-01-01T03:26:47.231-05:00  INFO 28676 --- [main] org.hibernate.Version                    : HHH000412: Hibernate ORM core version 6.2.9.Final
2026-01-01T03:26:47.233-05:00  INFO 28676 --- [main] org.hibernate.cfg.Environment            : HHH000406: Using bytecode reflection optimizer
2026-01-01T03:26:47.346-05:00  INFO 28676 --- [main] o.h.b.i.BytecodeProviderInitiator        : HHH000021: Bytecode provider name : bytebuddy
2026-01-01T03:26:47.443-05:00  INFO 28676 --- [main] o.s.o.j.p.SpringPersistenceUnitInfo      : No LoadTimeWeaver setup: ignoring JPA class transformer
2026-01-01T03:26:47.456-05:00  INFO 28676 --- [main] com.zaxxer.hikari.HikariDataSource       : HikariPool-1 - Starting...
2026-01-01T03:26:47.700-05:00  INFO 28676 --- [main] com.zaxxer.hikari.pool.HikariPool        : HikariPool-1 - Added connection com.mysql.cj.jdbc.ConnectionImpl@4fc3529
2026-01-01T03:26:47.702-05:00  INFO 28676 --- [main] com.zaxxer.hikari.HikariDataSource       : HikariPool-1 - Start completed.
2026-01-01T03:26:47.747-05:00  WARN 28676 --- [main] org.hibernate.orm.deprecation            : HHH90000026: MySQL8Dialect has been deprecated; use org.hibernate.dialect.MySQLDialect instead
2026-01-01T03:26:47.875-05:00  INFO 28676 --- [main] o.h.b.i.BytecodeProviderInitiator        : HHH000021: Bytecode provider name : bytebuddy
2026-01-01T03:26:48.265-05:00  INFO 28676 --- [main] o.h.e.t.j.p.i.JtaPlatformInitiator       : HHH000490: Using JtaPlatform implementation: [org.hibernate.engine.transaction.jta.platform.internal.NoJtaPlatform]
2026-01-01T03:26:48.300-05:00  INFO 28676 --- [main] j.LocalContainerEntityManagerFactoryBean : Initialized JPA EntityManagerFactory for persistence unit 'default'
2026-01-01T03:26:48.563-05:00  WARN 28676 --- [main] JpaBaseConfiguration$JpaWebConfiguration : spring.jpa.open-in-view is enabled by default. Therefore, database queries may be performed during view rendering. Explicitly configure spring.jpa.open-in-view to disable this warning
2026-01-01T03:26:49.105-05:00  INFO 28676 --- [main] o.s.b.a.e.web.EndpointLinksResolver      : Exposing 1 endpoint(s) beneath base path '/actuator'
2026-01-01T03:26:49.208-05:00  INFO 28676 --- [main] o.s.b.w.embedded.tomcat.TomcatWebServer  : Tomcat started on port(s): 83 (http) with context path ''
2026-01-01T03:26:49.219-05:00  INFO 28676 --- [main] polyglot.ms.test.pay.PayApplication      : Started PayApplication in 3.928 seconds (process running for 4.175)
2026-01-01T03:27:08.279-05:00  INFO 19568 --- [main] polyglot.ms.test.pay.PayApplication      : Starting PayApplication using Java 21.0.9 with PID 19568 (C:\Users\ricar\OneDrive\Desktop\UNU-Projects\TallerDeDesarrollo\Pay\target\classes started by ricar in C:\Users\ricar\OneDrive\Desktop\UNU-Projects\TallerDeDesarrollo)
2026-01-01T03:27:08.281-05:00  INFO 19568 --- [main] polyglot.ms.test.pay.PayApplication      : No active profile set, falling back to 1 default profile: "default"
2026-01-01T03:27:09.019-05:00  INFO 19568 --- [main] .s.d.r.c.RepositoryConfigurationDelegate : Bootstrapping Spring Data JPA repositories in DEFAULT mode.
2026-01-01T03:27:09.063-05:00  INFO 19568 --- [main] .s.d.r.c.RepositoryConfigurationDelegate : Finished Spring Data repository scanning in 37 ms. Found 1 JPA repository interfaces.
2026-01-01T03:27:09.581-05:00  INFO 19568 --- [main] o.s.b.w.embedded.tomcat.TomcatWebServer  : Tomcat initialized with port(s): 83 (http)
2026-01-01T03:27:09.590-05:00  INFO 19568 --- [main] o.apache.catalina.core.StandardService   : Starting service [Tomcat]
2026-01-01T03:27:09.590-05:00  INFO 19568 --- [main] o.apache.catalina.core.StandardEngine    : Starting Servlet engine: [Apache Tomcat/10.1.13]
2026-01-01T03:27:09.670-05:00  INFO 19568 --- [main] o.a.c.c.C.[Tomcat].[localhost].[/]       : Initializing Spring embedded WebApplicationContext
2026-01-01T03:27:09.671-05:00  INFO 19568 --- [main] w.s.c.ServletWebServerApplicationContext : Root WebApplicationContext: initialization completed in 1346 ms
2026-01-01T03:27:10.000-05:00  INFO 19568 --- [main] o.hibernate.jpa.internal.util.LogHelper  : HHH000204: Processing PersistenceUnitInfo [name: default]
2026-01-01T03:27:10.072-05:00  INFO 19568 --- [main] org.hibernate.Version                    : HHH000412: Hibernate ORM core version 6.2.9.Final
2026-01-01T03:27:10.073-05:00  INFO 19568 --- [main] org.hibernate.cfg.Environment            : HHH000406: Using bytecode reflection optimizer
2026-01-01T03:27:10.171-05:00  INFO 19568 --- [main] o.h.b.i.BytecodeProviderInitiator        : HHH000021: Bytecode provider name : bytebuddy
2026-01-01T03:27:10.259-05:00  INFO 19568 --- [main] o.s.o.j.p.SpringPersistenceUnitInfo      : No LoadTimeWeaver setup: ignoring JPA class transformer
2026-01-01T03:27:10.271-05:00  INFO 19568 --- [main] com.zaxxer.hikari.HikariDataSource       : HikariPool-1 - Starting...
2026-01-01T03:27:10.528-05:00  INFO 19568 --- [main] com.zaxxer.hikari.pool.HikariPool        : HikariPool-1 - Added connection com.mysql.cj.jdbc.ConnectionImpl@32c0fecc
2026-01-01T03:27:10.530-05:00  INFO 19568 --- [main] com.zaxxer.hikari.HikariDataSource       : HikariPool-1 - Start completed.
2026-01-01T03:27:10.569-05:00  WARN 19568 --- [main] org.hibernate.orm.deprecation            : HHH90000026: MySQL8Dialect has been deprecated; use org.hibernate.dialect.MySQLDialect instead
2026-01-01T03:27:10.692-05:00  INFO 19568 --- [main] o.h.b.i.BytecodeProviderInitiator        : HHH000021: Bytecode provider name : bytebuddy
2026-01-01T03:27:11.047-05:00  INFO 19568 --- [main] o.h.e.t.j.p.i.JtaPlatformInitiator       : HHH000490: Using JtaPlatform implementation: [org.hibernate.engine.transaction.jta.platform.internal.NoJtaPlatform]
2026-01-01T03:27:11.080-05:00  INFO 19568 --- [main] j.LocalContainerEntityManagerFactoryBean : Initialized JPA EntityManagerFactory for persistence unit 'default'
2026-01-01T03:27:11.335-05:00  WARN 19568 --- [main] JpaBaseConfiguration$JpaWebConfiguration : spring.jpa.open-in-view is enabled by default. Therefore, database queries may be performed during view rendering. Explicitly configure spring.jpa.open-in-view to disable this warning
2026-01-01T03:27:11.839-05:00  INFO 19568 --- [main] o.s.b.a.e.web.EndpointLinksResolver      : Exposing 1 endpoint(s) beneath base path '/actuator'
2026-01-01T03:27:11.911-05:00  INFO 19568 --- [main] o.s.b.w.embedded.tomcat.TomcatWebServer  : Tomcat started on port(s): 83 (http) with context path ''
2026-01-01T03:27:11.920-05:00  INFO 19568 --- [main] polyglot.ms.test.pay.PayApplication      : Started PayApplication in 3.951 seconds (process running for 4.192)
2026-01-01T03:27:15.808-05:00  INFO 12332 --- [main] polyglot.ms.test.pay.PayApplication      : Starting PayApplication using Java 21.0.9 with PID 12332 (C:\Users\ricar\OneDrive\Desktop\UNU-Projects\TallerDeDesarrollo\Pay\target\classes started by ricar in C:\Users\ricar\OneDrive\Desktop\UNU-Projects\TallerDeDesarrollo)
2026-01-01T03:27:15.810-05:00  INFO 12332 --- [main] polyglot.ms.test.pay.PayApplication      : No active profile set, falling back to 1 default profile: "default"
2026-01-01T03:27:16.505-05:00  INFO 12332 --- [main] .s.d.r.c.RepositoryConfigurationDelegate : Bootstrapping Spring Data JPA repositories in DEFAULT mode.
2026-01-01T03:27:16.551-05:00  INFO 12332 --- [main] .s.d.r.c.RepositoryConfigurationDelegate : Finished Spring Data repository scanning in 38 ms. Found 1 JPA repository interfaces.
2026-01-01T03:27:17.099-05:00  INFO 12332 --- [main] o.s.b.w.embedded.tomcat.TomcatWebServer  : Tomcat initialized with port(s): 83 (http)
2026-01-01T03:27:17.108-05:00  INFO 12332 --- [main] o.apache.catalina.core.StandardService   : Starting service [Tomcat]
2026-01-01T03:27:17.108-05:00  INFO 12332 --- [main] o.apache.catalina.core.StandardEngine    : Starting Servlet engine: [Apache Tomcat/10.1.13]
2026-01-01T03:27:17.184-05:00  INFO 12332 --- [main] o.a.c.c.C.[Tomcat].[localhost].[/]       : Initializing Spring embedded WebApplicationContext
2026-01-01T03:27:17.185-05:00  INFO 12332 --- [main] w.s.c.ServletWebServerApplicationContext : Root WebApplicationContext: initialization completed in 1330 ms
2026-01-01T03:27:17.462-05:00  INFO 12332 --- [main] o.hibernate.jpa.internal.util.LogHelper  : HHH000204: Processing PersistenceUnitInfo [name: default]
2026-01-01T03:27:17.551-05:00  INFO 12332 --- [main] org.hibernate.Version                    : HHH000412: Hibernate ORM core version 6.2.9.Final
2026-01-01T03:27:17.552-05:00  INFO 12332 --- [main] org.hibernate.cfg.Environment            : HHH000406: Using bytecode reflection optimizer
2026-01-01T03:27:17.666-05:00  INFO 12332 --- [main] o.h.b.i.BytecodeProviderInitiator        : HHH000021: Bytecode provider name : bytebuddy
2026-01-01T03:27:17.753-05:00  INFO 12332 --- [main] o.s.o.j.p.SpringPersistenceUnitInfo      : No LoadTimeWeaver setup: ignoring JPA class transformer
2026-01-01T03:27:17.763-05:00  INFO 12332 --- [main] com.zaxxer.hikari.HikariDataSource       : HikariPool-1 - Starting...
2026-01-01T03:27:18.009-05:00  INFO 12332 --- [main] com.zaxxer.hikari.pool.HikariPool        : HikariPool-1 - Added connection com.mysql.cj.jdbc.ConnectionImpl@32c0fecc
2026-01-01T03:27:18.011-05:00  INFO 12332 --- [main] com.zaxxer.hikari.HikariDataSource       : HikariPool-1 - Start completed.
2026-01-01T03:27:18.045-05:00  WARN 12332 --- [main] org.hibernate.orm.deprecation            : HHH90000026: MySQL8Dialect has been deprecated; use org.hibernate.dialect.MySQLDialect instead
2026-01-01T03:27:18.156-05:00  INFO 12332 --- [main] o.h.b.i.BytecodeProviderInitiator        : HHH000021: Bytecode provider name : bytebuddy
2026-01-01T03:27:18.517-05:00  INFO 12332 --- [main] o.h.e.t.j.p.i.JtaPlatformInitiator       : HHH000490: Using JtaPlatform implementation: [org.hibernate.engine.transaction.jta.platform.internal.NoJtaPlatform]
2026-01-01T03:27:18.548-05:00  INFO 12332 --- [main] j.LocalContainerEntityManagerFactoryBean : Initialized JPA EntityManagerFactory for persistence unit 'default'
2026-01-01T03:27:18.793-05:00  WARN 12332 --- [main] JpaBaseConfiguration$JpaWebConfiguration : spring.jpa.open-in-view is enabled by default. Therefore, database queries may be performed during view rendering. Explicitly configure spring.jpa.open-in-view to disable this warning
2026-01-01T03:27:19.253-05:00  INFO 12332 --- [main] o.s.b.a.e.web.EndpointLinksResolver      : Exposing 1 endpoint(s) beneath base path '/actuator'
2026-01-01T03:27:19.318-05:00  INFO 12332 --- [main] o.s.b.w.embedded.tomcat.TomcatWebServer  : Tomcat started on port(s): 83 (http) with context path ''
2026-01-01T03:27:19.326-05:00  INFO 12332 --- [main] polyglot.ms.test.pay.PayApplication      : Started PayApplication in 3.817 seconds (process running for 4.055)
2026-01-01T03:27:48.225-05:00  INFO 35312 --- [main] polyglot.ms.test.pay.PayApplication      : Starting PayApplication using Java 21.0.9 with PID 35312 (C:\Users\ricar\OneDrive\Desktop\UNU-Projects\TallerDeDesarrollo\Pay\target\classes started by ricar in C:\Users\ricar\OneDrive\Desktop\UNU-Projects\TallerDeDesarrollo)
2026-01-01T03:27:48.228-05:00  INFO 35312 --- [main] polyglot.ms.test.pay.PayApplication      : No active profile set, falling back to 1 default profile: "default"
2026-01-01T03:27:48.928-05:00  INFO 35312 --- [main] .s.d.r.c.RepositoryConfigurationDelegate : Bootstrapping Spring Data JPA repositories in DEFAULT mode.
2026-01-01T03:27:48.969-05:00  INFO 35312 --- [main] .s.d.r.c.RepositoryConfigurationDelegate : Finished Spring Data repository scanning in 35 ms. Found 1 JPA repository interfaces.
2026-01-01T03:27:49.510-05:00  INFO 35312 --- [main] o.s.b.w.embedded.tomcat.TomcatWebServer  : Tomcat initialized with port(s): 83 (http)
2026-01-01T03:27:49.519-05:00  INFO 35312 --- [main] o.apache.catalina.core.StandardService   : Starting service [Tomcat]
2026-01-01T03:27:49.519-05:00  INFO 35312 --- [main] o.apache.catalina.core.StandardEngine    : Starting Servlet engine: [Apache Tomcat/10.1.13]
2026-01-01T03:27:49.598-05:00  INFO 35312 --- [main] o.a.c.c.C.[Tomcat].[localhost].[/]       : Initializing Spring embedded WebApplicationContext
2026-01-01T03:27:49.598-05:00  INFO 35312 --- [main] w.s.c.ServletWebServerApplicationContext : Root WebApplicationContext: initialization completed in 1327 ms
2026-01-01T03:27:49.853-05:00  INFO 35312 --- [main] o.hibernate.jpa.internal.util.LogHelper  : HHH000204: Processing PersistenceUnitInfo [name: default]
2026-01-01T03:27:49.884-05:00  INFO 35312 --- [main] org.hibernate.Version                    : HHH000412: Hibernate ORM core version 6.2.9.Final
2026-01-01T03:27:49.886-05:00  INFO 35312 --- [main] org.hibernate.cfg.Environment            : HHH000406: Using bytecode reflection optimizer
2026-01-01T03:27:49.982-05:00  INFO 35312 --- [main] o.h.b.i.BytecodeProviderInitiator        : HHH000021: Bytecode provider name : bytebuddy
2026-01-01T03:27:50.067-05:00  INFO 35312 --- [main] o.s.o.j.p.SpringPersistenceUnitInfo      : No LoadTimeWeaver setup: ignoring JPA class transformer
2026-01-01T03:27:50.079-05:00  INFO 35312 --- [main] com.zaxxer.hikari.HikariDataSource       : HikariPool-1 - Starting...
2026-01-01T03:27:50.323-05:00  INFO 35312 --- [main] com.zaxxer.hikari.pool.HikariPool        : HikariPool-1 - Added connection com.mysql.cj.jdbc.ConnectionImpl@32c0fecc
2026-01-01T03:27:50.325-05:00  INFO 35312 --- [main] com.zaxxer.hikari.HikariDataSource       : HikariPool-1 - Start completed.
2026-01-01T03:27:50.359-05:00  WARN 35312 --- [main] org.hibernate.orm.deprecation            : HHH90000026: MySQL8Dialect has been deprecated; use org.hibernate.dialect.MySQLDialect instead
2026-01-01T03:27:50.475-05:00  INFO 35312 --- [main] o.h.b.i.BytecodeProviderInitiator        : HHH000021: Bytecode provider name : bytebuddy
2026-01-01T03:27:50.822-05:00  INFO 35312 --- [main] o.h.e.t.j.p.i.JtaPlatformInitiator       : HHH000490: Using JtaPlatform implementation: [org.hibernate.engine.transaction.jta.platform.internal.NoJtaPlatform]
2026-01-01T03:27:50.855-05:00  INFO 35312 --- [main] j.LocalContainerEntityManagerFactoryBean : Initialized JPA EntityManagerFactory for persistence unit 'default'
2026-01-01T03:27:51.105-05:00  WARN 35312 --- [main] JpaBaseConfiguration$JpaWebConfiguration : spring.jpa.open-in-view is enabled by default. Therefore, database queries may be performed during view rendering. Explicitly configure spring.jpa.open-in-view to disable this warning
2026-01-01T03:27:51.774-05:00  INFO 35312 --- [main] o.s.b.a.e.web.EndpointLinksResolver      : Exposing 1 endpoint(s) beneath base path '/actuator'
2026-01-01T03:27:51.865-05:00  INFO 35312 --- [main] o.s.b.w.embedded.tomcat.TomcatWebServer  : Tomcat started on port(s): 83 (http) with context path ''
2026-01-01T03:27:51.873-05:00  INFO 35312 --- [main] polyglot.ms.test.pay.PayApplication      : Started PayApplication in 3.957 seconds (process running for 4.208)
2026-01-01T03:27:55.053-05:00  INFO 2572 --- [main] polyglot.ms.test.pay.PayApplication      : Starting PayApplication using Java 21.0.9 with PID 2572 (C:\Users\ricar\OneDrive\Desktop\UNU-Projects\TallerDeDesarrollo\Pay\target\classes started by ricar in C:\Users\ricar\OneDrive\Desktop\UNU-Projects\TallerDeDesarrollo)
2026-01-01T03:27:55.054-05:00  INFO 2572 --- [main] polyglot.ms.test.pay.PayApplication      : No active profile set, falling back to 1 default profile: "default"
2026-01-01T03:27:55.770-05:00  INFO 2572 --- [main] .s.d.r.c.RepositoryConfigurationDelegate : Bootstrapping Spring Data JPA repositories in DEFAULT mode.
2026-01-01T03:27:55.822-05:00  INFO 2572 --- [main] .s.d.r.c.RepositoryConfigurationDelegate : Finished Spring Data repository scanning in 45 ms. Found 1 JPA repository interfaces.
2026-01-01T03:27:56.349-05:00  INFO 2572 --- [main] o.s.b.w.embedded.tomcat.TomcatWebServer  : Tomcat initialized with port(s): 83 (http)
2026-01-01T03:27:56.355-05:00  INFO 2572 --- [main] o.apache.catalina.core.StandardService   : Starting service [Tomcat]
2026-01-01T03:27:56.356-05:00  INFO 2572 --- [main] o.apache.catalina.core.StandardEngine    : Starting Servlet engine: [Apache Tomcat/10.1.13]
2026-01-01T03:27:56.439-05:00  INFO 2572 --- [main] o.a.c.c.C.[Tomcat].[localhost].[/]       : Initializing Spring embedded WebApplicationContext
2026-01-01T03:27:56.440-05:00  INFO 2572 --- [main] w.s.c.ServletWebServerApplicationContext : Root WebApplicationContext: initialization completed in 1346 ms
2026-01-01T03:27:56.652-05:00  INFO 2572 --- [main] o.hibernate.jpa.internal.util.LogHelper  : HHH000204: Processing PersistenceUnitInfo [name: default]
2026-01-01T03:27:56.685-05:00  INFO 2572 --- [main] org.hibernate.Version                    : HHH000412: Hibernate ORM core version 6.2.9.Final
2026-01-01T03:27:56.687-05:00  INFO 2572 --- [main] org.hibernate.cfg.Environment            : HHH000406: Using bytecode reflection optimizer
2026-01-01T03:27:56.779-05:00  INFO 2572 --- [main] o.h.b.i.BytecodeProviderInitiator        : HHH000021: Bytecode provider name : bytebuddy
2026-01-01T03:27:56.867-05:00  INFO 2572 --- [main] o.s.o.j.p.SpringPersistenceUnitInfo      : No LoadTimeWeaver setup: ignoring JPA class transformer
2026-01-01T03:27:56.881-05:00  INFO 2572 --- [main] com.zaxxer.hikari.HikariDataSource       : HikariPool-1 - Starting...
2026-01-01T03:27:57.121-05:00  INFO 2572 --- [main] com.zaxxer.hikari.pool.HikariPool        : HikariPool-1 - Added connection com.mysql.cj.jdbc.ConnectionImpl@32c0fecc
2026-01-01T03:27:57.123-05:00  INFO 2572 --- [main] com.zaxxer.hikari.HikariDataSource       : HikariPool-1 - Start completed.
2026-01-01T03:27:57.169-05:00  WARN 2572 --- [main] org.hibernate.orm.deprecation            : HHH90000026: MySQL8Dialect has been deprecated; use org.hibernate.dialect.MySQLDialect instead
2026-01-01T03:27:57.275-05:00  INFO 2572 --- [main] o.h.b.i.BytecodeProviderInitiator        : HHH000021: Bytecode provider name : bytebuddy
2026-01-01T03:27:57.616-05:00  INFO 2572 --- [main] o.h.e.t.j.p.i.JtaPlatformInitiator       : HHH000490: Using JtaPlatform implementation: [org.hibernate.engine.transaction.jta.platform.internal.NoJtaPlatform]
2026-01-01T03:27:57.652-05:00  INFO 2572 --- [main] j.LocalContainerEntityManagerFactoryBean : Initialized JPA EntityManagerFactory for persistence unit 'default'
2026-01-01T03:27:57.933-05:00  WARN 2572 --- [main] JpaBaseConfiguration$JpaWebConfiguration : spring.jpa.open-in-view is enabled by default. Therefore, database queries may be performed during view rendering. Explicitly configure spring.jpa.open-in-view to disable this warning
2026-01-01T03:27:58.409-05:00  INFO 2572 --- [main] o.s.b.a.e.web.EndpointLinksResolver      : Exposing 1 endpoint(s) beneath base path '/actuator'
2026-01-01T03:27:58.481-05:00  INFO 2572 --- [main] o.s.b.w.embedded.tomcat.TomcatWebServer  : Tomcat started on port(s): 83 (http) with context path ''
2026-01-01T03:27:58.491-05:00  INFO 2572 --- [main] polyglot.ms.test.pay.PayApplication      : Started PayApplication in 3.766 seconds (process running for 4.009)
2026-01-01T03:28:35.475-05:00  INFO 2572 --- [http-nio-83-exec-1] o.apache.tomcat.util.http.parser.Cookie  : A cookie header was received [g_state={"i_l":0,"i_ll":1767243046493,"i_b":"KZtrcJaVJA89rGGceC0ZbvpSsLFhC9ejshcnbaSsMjk","i_e":{"enable_itp_optimization":0}}] that contained an invalid cookie. That cookie will be ignored.
 Note: further occurrences of this error will be logged at DEBUG level.
2026-01-01T03:28:35.481-05:00  INFO 2572 --- [http-nio-83-exec-1] o.a.c.c.C.[Tomcat].[localhost].[/]       : Initializing Spring DispatcherServlet 'dispatcherServlet'
2026-01-01T03:28:35.482-05:00  INFO 2572 --- [http-nio-83-exec-1] o.s.web.servlet.DispatcherServlet        : Initializing Servlet 'dispatcherServlet'
2026-01-01T03:28:35.485-05:00  INFO 2572 --- [http-nio-83-exec-1] o.s.web.servlet.DispatcherServlet        : Completed initialization in 2 ms
